F:\MySoftware\Lattice\radiant\synpbase\bin64\c_hdl.exe  -osyn  F:\MyTemporary\Github\GLPP2024\IRStore\impl_1\synwork\IRStore_impl_1_comp.srs  -top  ZIRStore_Top  -hdllog  F:\MyTemporary\Github\GLPP2024\IRStore\impl_1\synlog\IRStore_impl_1_compiler.srr  -encrypt  -mp  4  -verification_mode 0  -vhdl  -prodtype  synplify_pro  -primux -fixsmult -infer_seqShift -sdff_counter -nram -divnmod -nostructver  -lattice -ice  -encrypt  -pro  -dmgen  F:\MyTemporary\Github\GLPP2024\IRStore\impl_1\dm  -lite -ui -fid2 -ram -sharing on -ll 2000 -autosm  -work_is_curlib 0  -ignore_undefined_lib  -lib pmi F:\MySoftware\Lattice\radiant\ip\pmi\pmi_iCE40UP.vhd  -verilog  -prodtype  synplify_pro  -primux -fixsmult -infer_seqShift -sdff_counter -nram -divnmod -nostructver  -lattice -ice   -I F:\MyTemporary\Github\GLPP2024\IRStore  -I F:\MyTemporary\Github\GLPP2024\IRStore\IPCores\ZPLL  -I F:\MyTemporary\Github\GLPP2024\IRStore\IPCores\ZRAM_DP  -I F:\MyTemporary\Github\GLPP2024\IRStore\impl_1\  -I F:\MySoftware\Lattice\radiant\synpbase\lib   -v2001  -devicelib  F:\MySoftware\Lattice\radiant\synpbase\lib\generic\ice40up.v  -encrypt  -pro  -dmgen  F:\MyTemporary\Github\GLPP2024\IRStore\impl_1\dm  -ui -fid2 -ram -sharing on -ll 2000 -autosm  -D_MULTIPLE_FILE_COMPILATION_UNIT_  -lib work F:\MySoftware\Lattice\radiant\ip\pmi\pmi_iCE40UP.v -lib work -fv2001 F:\MyTemporary\Github\GLPP2024\IRStore\source\impl_1\ZIRStore_Top.v -lib work -fv2001 F:\MyTemporary\Github\GLPP2024\IRStore\source\impl_1\ZIRCfg_Data.v -lib work -fv2001 F:\MyTemporary\Github\GLPP2024\IRStore\IPCores\ZPLL\rtl\ZPLL.v -lib work -fv2001 F:\MyTemporary\Github\GLPP2024\IRStore\source\impl_1\ZUART_Tx.v -lib work -fv2001 F:\MyTemporary\Github\GLPP2024\IRStore\source\impl_1\ZIRSensor_Controller.v -lib work -fv2001 F:\MyTemporary\Github\GLPP2024\IRStore\IPCores\ZRAM_DP\rtl\ZRAM_DP.v -lib work -fv2001 F:\MyTemporary\Github\GLPP2024\IRStore\source\impl_1\ZOctalRAMOperator.v -lib work -fv2001 F:\MyTemporary\Github\GLPP2024\IRStore\source\impl_1\ZOctalRAMCfg.v -lib work -fv2001 F:\MyTemporary\Github\GLPP2024\IRStore\source\impl_1\ZIRStore_Bottom.v -lib work -fv2001 F:\MyTemporary\Github\GLPP2024\IRStore\source\impl_1\ZSynReset.v  -jobname  "compiler" 
relcom:..\..\..\..\..\..\MySoftware\Lattice\radiant\synpbase\bin64\c_hdl.exe -osyn ..\synwork\IRStore_impl_1_comp.srs -top ZIRStore_Top -hdllog ..\synlog\IRStore_impl_1_compiler.srr -encrypt -mp 4 -verification_mode 0 -vhdl -prodtype synplify_pro -primux -fixsmult -infer_seqShift -sdff_counter -nram -divnmod -nostructver -lattice -ice -encrypt -pro -dmgen ..\dm -lite -ui -fid2 -ram -sharing on -ll 2000 -autosm -work_is_curlib 0 -ignore_undefined_lib -lib pmi ..\..\..\..\..\..\MySoftware\Lattice\radiant\ip\pmi\pmi_iCE40UP.vhd -verilog -prodtype synplify_pro -primux -fixsmult -infer_seqShift -sdff_counter -nram -divnmod -nostructver -lattice -ice -I ..\..\..\IRStore -I ..\..\IPCores\ZPLL -I ..\..\IPCores\ZRAM_DP -I ..\ -I ..\..\..\..\..\..\MySoftware\Lattice\radiant\synpbase\lib -v2001 -devicelib ..\..\..\..\..\..\MySoftware\Lattice\radiant\synpbase\lib\generic\ice40up.v -encrypt -pro -dmgen ..\dm -ui -fid2 -ram -sharing on -ll 2000 -autosm -D_MULTIPLE_FILE_COMPILATION_UNIT_ -lib work ..\..\..\..\..\..\MySoftware\Lattice\radiant\ip\pmi\pmi_iCE40UP.v -lib work -fv2001 ..\..\source\impl_1\ZIRStore_Top.v -lib work -fv2001 ..\..\source\impl_1\ZIRCfg_Data.v -lib work -fv2001 ..\..\IPCores\ZPLL\rtl\ZPLL.v -lib work -fv2001 ..\..\source\impl_1\ZUART_Tx.v -lib work -fv2001 ..\..\source\impl_1\ZIRSensor_Controller.v -lib work -fv2001 ..\..\IPCores\ZRAM_DP\rtl\ZRAM_DP.v -lib work -fv2001 ..\..\source\impl_1\ZOctalRAMOperator.v -lib work -fv2001 ..\..\source\impl_1\ZOctalRAMCfg.v -lib work -fv2001 ..\..\source\impl_1\ZIRStore_Bottom.v -lib work -fv2001 ..\..\source\impl_1\ZSynReset.v -jobname "compiler"
rc:0 success:1 runtime:6
file:..\synwork\irstore_impl_1_comp.srs|io:o|time:1725852413|size:67575|exec:0|csum:
file:..\synlog\irstore_impl_1_compiler.srr|io:o|time:1725852413|size:494779|exec:0|csum:
file:..\..\..\..\..\..\mysoftware\lattice\radiant\ip\pmi\pmi_ice40up.vhd|io:i|time:1648538958|size:17231|exec:0|csum:B4484439D4F130E2494777ACC3084671
file:..\..\..\..\..\..\mysoftware\lattice\radiant\synpbase\lib\generic\ice40up.v|io:i|time:1685564443|size:26462|exec:0|csum:72B2E46EE2EB03A1019CFFB44E4E2628
file:..\..\..\..\..\..\mysoftware\lattice\radiant\ip\pmi\pmi_ice40up.v|io:i|time:1537835135|size:413|exec:0|csum:B58F1C803B5DCA172B31258BA35093C2
file:.\-fv2001|io:i|time:0|size:-1|exec:0|csum:
file:..\..\source\impl_1\zirstore_top.v|io:i|time:1725851215|size:4248|exec:0|csum:360503F8955767EF2A8E858E72D4F5C9
file:.\-fv2001|io:i|time:0|size:-1|exec:0|csum:
file:..\..\source\impl_1\zircfg_data.v|io:i|time:1724895158|size:932|exec:0|csum:17B70EEA12E4AC89315AF7B2EE00F2E9
file:.\-fv2001|io:i|time:0|size:-1|exec:0|csum:
file:..\..\ipcores\zpll\rtl\zpll.v|io:i|time:1725326048|size:9571|exec:0|csum:E91AFA1CD4065E22F7EFA84C782DB691
file:.\-fv2001|io:i|time:0|size:-1|exec:0|csum:
file:..\..\source\impl_1\zuart_tx.v|io:i|time:1724896185|size:2241|exec:0|csum:BC35CCB0CF38A9991AB1D0475F190709
file:.\-fv2001|io:i|time:0|size:-1|exec:0|csum:
file:..\..\source\impl_1\zirsensor_controller.v|io:i|time:1724898685|size:4035|exec:0|csum:69E2BEBFCBE9ACF04F59F9C301B4B7D5
file:.\-fv2001|io:i|time:0|size:-1|exec:0|csum:
file:..\..\ipcores\zram_dp\rtl\zram_dp.v|io:i|time:1725516161|size:591769|exec:0|csum:A9591E5A0D03235BAB54829F619AD075
file:.\-fv2001|io:i|time:0|size:-1|exec:0|csum:
file:..\..\source\impl_1\zoctalramoperator.v|io:i|time:1725851161|size:11685|exec:0|csum:629D0C07330CFD9CB1315CBD6940D3A9
file:.\-fv2001|io:i|time:0|size:-1|exec:0|csum:
file:..\..\source\impl_1\zoctalramcfg.v|io:i|time:1724912750|size:2704|exec:0|csum:55E50578EB412DE79FB0068B83ACE8FC
file:.\-fv2001|io:i|time:0|size:-1|exec:0|csum:
file:..\..\source\impl_1\zirstore_bottom.v|io:i|time:1725851227|size:13908|exec:0|csum:B8651C10CD6EA4B0A45178222BB2812D
file:.\-fv2001|io:i|time:0|size:-1|exec:0|csum:
file:..\..\source\impl_1\zsynreset.v|io:i|time:1725602582|size:322|exec:0|csum:80171028E126D96CE79678627A52BB2C
file:..\..\..\..\..\..\mysoftware\lattice\radiant\synpbase\bin64\c_hdl.exe|io:i|time:1685564425|size:7462400|exec:1|csum:8F99C9C5CFFCEDD3FCE66A8A74236AA9
