Reading Layer Conversion File 
Reading DXF file...
done.

ERROR: ERROR(SPMHDB-183): 'LINE' object may not exist on layer 'BOARD GEOMETRY/DESIGN_OUTLINE'.
ERROR: Failed to add CIRCLE on line number 994

ERROR: ERROR(SPMHDB-183): 'LINE' object may not exist on layer 'BOARD GEOMETRY/DESIGN_OUTLINE'.
ERROR: Failed to add CIRCLE on line number 1004

ERROR: ERROR(SPMHDB-183): 'LINE' object may not exist on layer 'BOARD GEOMETRY/DESIGN_OUTLINE'.
ERROR: Failed to add CIRCLE on line number 1014

ERROR: ERROR(SPMHDB-183): 'LINE' object may not exist on layer 'BOARD GEOMETRY/DESIGN_OUTLINE'.
ERROR: Failed to add CIRCLE on line number 1024

ERROR: ERROR(SPMHDB-183): 'LINE' object may not exist on layer 'BOARD GEOMETRY/DESIGN_OUTLINE'.
ERROR: Failed to add CIRCLE on line number 1034

ERROR: ERROR(SPMHDB-183): 'LINE' object may not exist on layer 'BOARD GEOMETRY/DESIGN_OUTLINE'.
ERROR: Failed to add CIRCLE on line number 1044

ERROR: ERROR(SPMHDB-183): 'LINE' object may not exist on layer 'BOARD GEOMETRY/DESIGN_OUTLINE'.
ERROR: Failed to add CIRCLE on line number 1054

ERROR: ERROR(SPMHDB-183): 'LINE' object may not exist on layer 'BOARD GEOMETRY/DESIGN_OUTLINE'.
ERROR: Failed to add CIRCLE on line number 1064

ERROR: ERROR(SPMHDB-183): 'LINE' object may not exist on layer 'BOARD GEOMETRY/DESIGN_OUTLINE'.
ERROR: Failed to add CIRCLE on line number 1074

ERROR: ERROR(SPMHDB-396): A design outline already exists.
ERROR: Failed to add (LW)POLYLINE
  on BOARD GEOMETRY / DESIGN_OUTLINE
  POLYLINE on line number 1156

ERROR: ERROR(SPMHDB-396): A design outline already exists.
ERROR: Failed to add (LW)POLYLINE
  on BOARD GEOMETRY / DESIGN_OUTLINE
  POLYLINE on line number 1228

ERROR: ERROR(SPMHDB-396): A design outline already exists.
ERROR: Failed to add (LW)POLYLINE
  on BOARD GEOMETRY / DESIGN_OUTLINE
  POLYLINE on line number 1300

ERROR: ERROR(SPMHDB-396): A design outline already exists.
ERROR: Failed to add (LW)POLYLINE
  on BOARD GEOMETRY / DESIGN_OUTLINE
  POLYLINE on line number 1372

ERROR: ERROR(SPMHDB-396): A design outline already exists.
ERROR: Failed to add (LW)POLYLINE
  on BOARD GEOMETRY / DESIGN_OUTLINE
  POLYLINE on line number 1444

ERROR: ERROR(SPMHDB-396): A design outline already exists.
ERROR: Failed to add (LW)POLYLINE
  on BOARD GEOMETRY / DESIGN_OUTLINE
  POLYLINE on line number 1516

ERROR: ERROR(SPMHDB-396): A design outline already exists.
ERROR: Failed to add (LW)POLYLINE
  on BOARD GEOMETRY / DESIGN_OUTLINE
  POLYLINE on line number 1588

ERROR: ERROR(SPMHDB-396): A design outline already exists.
ERROR: Failed to add (LW)POLYLINE
  on BOARD GEOMETRY / DESIGN_OUTLINE
  POLYLINE on line number 1660

ERROR: ERROR(SPMHDB-396): A design outline already exists.
ERROR: Failed to add (LW)POLYLINE
  on BOARD GEOMETRY / DESIGN_OUTLINE
  POLYLINE on line number 1732

ERROR: ERROR(SPMHDB-396): A design outline already exists.
ERROR: Failed to add (LW)POLYLINE
  on BOARD GEOMETRY / DESIGN_OUTLINE
  POLYLINE on line number 1804

ERROR: ERROR(SPMHDB-396): A design outline already exists.
ERROR: Failed to add (LW)POLYLINE
  on BOARD GEOMETRY / DESIGN_OUTLINE
  POLYLINE on line number 1876

ERROR: ERROR(SPMHDB-396): A design outline already exists.
ERROR: Failed to add (LW)POLYLINE
  on BOARD GEOMETRY / DESIGN_OUTLINE
  POLYLINE on line number 1948

ERROR: ERROR(SPMHDB-396): A design outline already exists.
ERROR: Failed to add (LW)POLYLINE
  on BOARD GEOMETRY / DESIGN_OUTLINE
  POLYLINE on line number 2020

ERROR: ERROR(SPMHDB-396): A design outline already exists.
ERROR: Failed to add (LW)POLYLINE
  on BOARD GEOMETRY / DESIGN_OUTLINE
  POLYLINE on line number 2092

ERROR: ERROR(SPMHDB-396): A design outline already exists.
ERROR: Failed to add (LW)POLYLINE
  on BOARD GEOMETRY / DESIGN_OUTLINE
  POLYLINE on line number 2164

ERROR: ERROR(SPMHDB-396): A design outline already exists.
ERROR: Failed to add (LW)POLYLINE
  on BOARD GEOMETRY / DESIGN_OUTLINE
  POLYLINE on line number 2236

ERROR: ERROR(SPMHDB-396): A design outline already exists.
ERROR: Failed to add (LW)POLYLINE
  on BOARD GEOMETRY / DESIGN_OUTLINE
  POLYLINE on line number 2308

ERROR: ERROR(SPMHDB-396): A design outline already exists.
ERROR: Failed to add (LW)POLYLINE
  on BOARD GEOMETRY / DESIGN_OUTLINE
  POLYLINE on line number 2380

ERROR: ERROR(SPMHDB-396): A design outline already exists.
ERROR: Failed to add (LW)POLYLINE
  on BOARD GEOMETRY / DESIGN_OUTLINE
  POLYLINE on line number 2452

ERROR: ERROR(SPMHDB-396): A design outline already exists.
ERROR: Failed to add (LW)POLYLINE
  on BOARD GEOMETRY / DESIGN_OUTLINE
  POLYLINE on line number 2524

ERROR: ERROR(SPMHDB-396): A design outline already exists.
ERROR: Failed to add (LW)POLYLINE
  on BOARD GEOMETRY / DESIGN_OUTLINE
  POLYLINE on line number 2596

ERROR: ERROR(SPMHDB-396): A design outline already exists.
ERROR: Failed to add (LW)POLYLINE
  on BOARD GEOMETRY / DESIGN_OUTLINE
  POLYLINE on line number 2668

ERROR: ERROR(SPMHDB-396): A design outline already exists.
ERROR: Failed to add (LW)POLYLINE
  on BOARD GEOMETRY / DESIGN_OUTLINE
  POLYLINE on line number 2740

ERROR: ERROR(SPMHDB-396): A design outline already exists.
ERROR: Failed to add (LW)POLYLINE
  on BOARD GEOMETRY / DESIGN_OUTLINE
  POLYLINE on line number 2812

ERROR: ERROR(SPMHDB-396): A design outline already exists.
ERROR: Failed to add (LW)POLYLINE
  on BOARD GEOMETRY / DESIGN_OUTLINE
  POLYLINE on line number 2884

ERROR: ERROR(SPMHDB-396): A design outline already exists.
ERROR: Failed to add (LW)POLYLINE
  on BOARD GEOMETRY / DESIGN_OUTLINE
  POLYLINE on line number 2956

ERROR: ERROR(SPMHDB-396): A design outline already exists.
ERROR: Failed to add (LW)POLYLINE
  on BOARD GEOMETRY / DESIGN_OUTLINE
  POLYLINE on line number 3028

ERROR: ERROR(SPMHDB-396): A design outline already exists.
ERROR: Failed to add (LW)POLYLINE
  on BOARD GEOMETRY / DESIGN_OUTLINE
  POLYLINE on line number 3100

ERROR: ERROR(SPMHDB-396): A design outline already exists.
ERROR: Failed to add (LW)POLYLINE
  on BOARD GEOMETRY / DESIGN_OUTLINE
  POLYLINE on line number 3172

ERROR: ERROR(SPMHDB-396): A design outline already exists.
ERROR: Failed to add (LW)POLYLINE
  on BOARD GEOMETRY / DESIGN_OUTLINE
  POLYLINE on line number 3244

ERROR: ERROR(SPMHDB-396): A design outline already exists.
ERROR: Failed to add (LW)POLYLINE
  on BOARD GEOMETRY / DESIGN_OUTLINE
  POLYLINE on line number 3316

ERROR: ERROR(SPMHDB-396): A design outline already exists.
ERROR: Failed to add (LW)POLYLINE
  on BOARD GEOMETRY / DESIGN_OUTLINE
  POLYLINE on line number 3388

ERROR: ERROR(SPMHDB-396): A design outline already exists.
ERROR: Failed to add (LW)POLYLINE
  on BOARD GEOMETRY / DESIGN_OUTLINE
  POLYLINE on line number 3460

ERROR: ERROR(SPMHDB-396): A design outline already exists.
ERROR: Failed to add (LW)POLYLINE
  on BOARD GEOMETRY / DESIGN_OUTLINE
  POLYLINE on line number 3532

ERROR: ERROR(SPMHDB-396): A design outline already exists.
ERROR: Failed to add (LW)POLYLINE
  on BOARD GEOMETRY / DESIGN_OUTLINE
  POLYLINE on line number 3604

ERROR: ERROR(SPMHDB-396): A design outline already exists.
ERROR: Failed to add (LW)POLYLINE
  on BOARD GEOMETRY / DESIGN_OUTLINE
  POLYLINE on line number 3676

ERROR: ERROR(SPMHDB-396): A design outline already exists.
ERROR: Failed to add (LW)POLYLINE
  on BOARD GEOMETRY / DESIGN_OUTLINE
  POLYLINE on line number 3748

ERROR: ERROR(SPMHDB-396): A design outline already exists.
ERROR: Failed to add (LW)POLYLINE
  on BOARD GEOMETRY / DESIGN_OUTLINE
  POLYLINE on line number 3820

ERROR: ERROR(SPMHDB-396): A design outline already exists.
ERROR: Failed to add (LW)POLYLINE
  on BOARD GEOMETRY / DESIGN_OUTLINE
  POLYLINE on line number 3892

ERROR: ERROR(SPMHDB-396): A design outline already exists.
ERROR: Failed to add (LW)POLYLINE
  on BOARD GEOMETRY / DESIGN_OUTLINE
  POLYLINE on line number 3964

ERROR: ERROR(SPMHDB-396): A design outline already exists.
ERROR: Failed to add (LW)POLYLINE
  on BOARD GEOMETRY / DESIGN_OUTLINE
  POLYLINE on line number 4036

ERROR: ERROR(SPMHDB-396): A design outline already exists.
ERROR: Failed to add (LW)POLYLINE
  on BOARD GEOMETRY / DESIGN_OUTLINE
  POLYLINE on line number 4108

ERROR: ERROR(SPMHDB-396): A design outline already exists.
ERROR: Failed to add (LW)POLYLINE
  on BOARD GEOMETRY / DESIGN_OUTLINE
  POLYLINE on line number 4180

ERROR: ERROR(SPMHDB-396): A design outline already exists.
ERROR: Failed to add (LW)POLYLINE
  on BOARD GEOMETRY / DESIGN_OUTLINE
  POLYLINE on line number 4252

ERROR: ERROR(SPMHDB-396): A design outline already exists.
ERROR: Failed to add (LW)POLYLINE
  on BOARD GEOMETRY / DESIGN_OUTLINE
  POLYLINE on line number 4324

ERROR: ERROR(SPMHDB-396): A design outline already exists.
ERROR: Failed to add (LW)POLYLINE
  on BOARD GEOMETRY / DESIGN_OUTLINE
  POLYLINE on line number 4396

ERROR: ERROR(SPMHDB-396): A design outline already exists.
ERROR: Failed to add (LW)POLYLINE
  on BOARD GEOMETRY / DESIGN_OUTLINE
  POLYLINE on line number 4468

ERROR: ERROR(SPMHDB-396): A design outline already exists.
ERROR: Failed to add (LW)POLYLINE
  on BOARD GEOMETRY / DESIGN_OUTLINE
  POLYLINE on line number 4540

ERROR: ERROR(SPMHDB-183): 'LINE' object may not exist on layer 'BOARD GEOMETRY/DESIGN_OUTLINE'.
ERROR: Failed to add (LW)POLYLINE
  on BOARD GEOMETRY / DESIGN_OUTLINE
  POLYLINE on line number 4612

ERROR: ERROR(SPMHDB-183): 'LINE' object may not exist on layer 'BOARD GEOMETRY/DESIGN_OUTLINE'.
ERROR: Failed to add (LW)POLYLINE
  on BOARD GEOMETRY / DESIGN_OUTLINE
  POLYLINE on line number 4712

ERROR: ERROR(SPMHDB-183): 'LINE' object may not exist on layer 'BOARD GEOMETRY/DESIGN_OUTLINE'.
ERROR: Failed to add (LW)POLYLINE
  on BOARD GEOMETRY / DESIGN_OUTLINE
  POLYLINE on line number 4770

ERROR: ERROR(SPMHDB-183): 'LINE' object may not exist on layer 'BOARD GEOMETRY/DESIGN_OUTLINE'.
ERROR: Failed to add (LW)POLYLINE
  on BOARD GEOMETRY / DESIGN_OUTLINE
  POLYLINE on line number 4842

ERROR: ERROR(SPMHDB-183): 'LINE' object may not exist on layer 'BOARD GEOMETRY/DESIGN_OUTLINE'.
ERROR: Failed to add (LW)POLYLINE
  on BOARD GEOMETRY / DESIGN_OUTLINE
  POLYLINE on line number 4900

ERROR: ERROR(SPMHDB-396): A design outline already exists.
ERROR: Failed to add (LW)POLYLINE
  on BOARD GEOMETRY / DESIGN_OUTLINE
  POLYLINE on line number 4958

ERROR: ERROR(SPMHDB-396): A design outline already exists.
ERROR: Failed to add (LW)POLYLINE
  on BOARD GEOMETRY / DESIGN_OUTLINE
  POLYLINE on line number 5002

ERROR: ERROR(SPMHDB-396): A design outline already exists.
ERROR: Failed to add (LW)POLYLINE
  on BOARD GEOMETRY / DESIGN_OUTLINE
  POLYLINE on line number 5074

ERROR: ERROR(SPMHDB-396): A design outline already exists.
ERROR: Failed to add (LW)POLYLINE
  on BOARD GEOMETRY / DESIGN_OUTLINE
  POLYLINE on line number 5146

ERROR: ERROR(SPMHDB-396): A design outline already exists.
ERROR: Failed to add (LW)POLYLINE
  on BOARD GEOMETRY / DESIGN_OUTLINE
  POLYLINE on line number 5218

ERROR: ERROR(SPMHDB-396): A design outline already exists.
ERROR: Failed to add (LW)POLYLINE
  on BOARD GEOMETRY / DESIGN_OUTLINE
  POLYLINE on line number 5290

ERROR: ERROR(SPMHDB-396): A design outline already exists.
ERROR: Failed to add (LW)POLYLINE
  on BOARD GEOMETRY / DESIGN_OUTLINE
  POLYLINE on line number 5362

ERROR: ERROR(SPMHDB-396): A design outline already exists.
ERROR: Failed to add (LW)POLYLINE
  on BOARD GEOMETRY / DESIGN_OUTLINE
  POLYLINE on line number 5434

ERROR: ERROR(SPMHDB-396): A design outline already exists.
ERROR: Failed to add (LW)POLYLINE
  on BOARD GEOMETRY / DESIGN_OUTLINE
  POLYLINE on line number 5506

ERROR: ERROR(SPMHDB-396): A design outline already exists.
ERROR: Failed to add (LW)POLYLINE
  on BOARD GEOMETRY / DESIGN_OUTLINE
  POLYLINE on line number 5578

ERROR: ERROR(SPMHDB-396): A design outline already exists.
ERROR: Failed to add (LW)POLYLINE
  on BOARD GEOMETRY / DESIGN_OUTLINE
  POLYLINE on line number 5650

ERROR: ERROR(SPMHDB-396): A design outline already exists.
ERROR: Failed to add (LW)POLYLINE
  on BOARD GEOMETRY / DESIGN_OUTLINE
  POLYLINE on line number 5722

ERROR: ERROR(SPMHDB-396): A design outline already exists.
ERROR: Failed to add (LW)POLYLINE
  on BOARD GEOMETRY / DESIGN_OUTLINE
  POLYLINE on line number 5794

ERROR: ERROR(SPMHDB-396): A design outline already exists.
ERROR: Failed to add (LW)POLYLINE
  on BOARD GEOMETRY / DESIGN_OUTLINE
  POLYLINE on line number 5866

ERROR: ERROR(SPMHDB-396): A design outline already exists.
ERROR: Failed to add (LW)POLYLINE
  on BOARD GEOMETRY / DESIGN_OUTLINE
  POLYLINE on line number 5938

ERROR: ERROR(SPMHDB-396): A design outline already exists.
ERROR: Failed to add (LW)POLYLINE
  on BOARD GEOMETRY / DESIGN_OUTLINE
  POLYLINE on line number 6010

ERROR: ERROR(SPMHDB-396): A design outline already exists.
ERROR: Failed to add (LW)POLYLINE
  on BOARD GEOMETRY / DESIGN_OUTLINE
  POLYLINE on line number 6082

ERROR: ERROR(SPMHDB-396): A design outline already exists.
ERROR: Failed to add (LW)POLYLINE
  on BOARD GEOMETRY / DESIGN_OUTLINE
  POLYLINE on line number 6154

ERROR: ERROR(SPMHDB-396): A design outline already exists.
ERROR: Failed to add (LW)POLYLINE
  on BOARD GEOMETRY / DESIGN_OUTLINE
  POLYLINE on line number 6226

ERROR: ERROR(SPMHDB-396): A design outline already exists.
ERROR: Failed to add (LW)POLYLINE
  on BOARD GEOMETRY / DESIGN_OUTLINE
  POLYLINE on line number 6298

ERROR: ERROR(SPMHDB-396): A design outline already exists.
ERROR: Failed to add (LW)POLYLINE
  on BOARD GEOMETRY / DESIGN_OUTLINE
  POLYLINE on line number 6370

ERROR: ERROR(SPMHDB-396): A design outline already exists.
ERROR: Failed to add (LW)POLYLINE
  on BOARD GEOMETRY / DESIGN_OUTLINE
  POLYLINE on line number 6442

ERROR: ERROR(SPMHDB-396): A design outline already exists.
ERROR: Failed to add (LW)POLYLINE
  on BOARD GEOMETRY / DESIGN_OUTLINE
  POLYLINE on line number 6514

ERROR: ERROR(SPMHDB-396): A design outline already exists.
ERROR: Failed to add (LW)POLYLINE
  on BOARD GEOMETRY / DESIGN_OUTLINE
  POLYLINE on line number 6586

ERROR: ERROR(SPMHDB-396): A design outline already exists.
ERROR: Failed to add (LW)POLYLINE
  on BOARD GEOMETRY / DESIGN_OUTLINE
  POLYLINE on line number 6658

ERROR: ERROR(SPMHDB-396): A design outline already exists.
ERROR: Failed to add (LW)POLYLINE
  on BOARD GEOMETRY / DESIGN_OUTLINE
  POLYLINE on line number 6730

ERROR: ERROR(SPMHDB-396): A design outline already exists.
ERROR: Failed to add (LW)POLYLINE
  on BOARD GEOMETRY / DESIGN_OUTLINE
  POLYLINE on line number 6802

ERROR: ERROR(SPMHDB-396): A design outline already exists.
ERROR: Failed to add (LW)POLYLINE
  on BOARD GEOMETRY / DESIGN_OUTLINE
  POLYLINE on line number 6874

ERROR: ERROR(SPMHDB-396): A design outline already exists.
ERROR: Failed to add (LW)POLYLINE
  on BOARD GEOMETRY / DESIGN_OUTLINE
  POLYLINE on line number 6946

ERROR: ERROR(SPMHDB-396): A design outline already exists.
ERROR: Failed to add (LW)POLYLINE
  on BOARD GEOMETRY / DESIGN_OUTLINE
  POLYLINE on line number 7018

ERROR: ERROR(SPMHDB-396): A design outline already exists.
ERROR: Failed to add (LW)POLYLINE
  on BOARD GEOMETRY / DESIGN_OUTLINE
  POLYLINE on line number 7090

ERROR: ERROR(SPMHDB-396): A design outline already exists.
ERROR: Failed to add (LW)POLYLINE
  on BOARD GEOMETRY / DESIGN_OUTLINE
  POLYLINE on line number 7162

ERROR: ERROR(SPMHDB-396): A design outline already exists.
ERROR: Failed to add (LW)POLYLINE
  on BOARD GEOMETRY / DESIGN_OUTLINE
  POLYLINE on line number 7234

ERROR: ERROR(SPMHDB-396): A design outline already exists.
ERROR: Failed to add (LW)POLYLINE
  on BOARD GEOMETRY / DESIGN_OUTLINE
  POLYLINE on line number 7306

ERROR: ERROR(SPMHDB-396): A design outline already exists.
ERROR: Failed to add (LW)POLYLINE
  on BOARD GEOMETRY / DESIGN_OUTLINE
  POLYLINE on line number 7378

ERROR: ERROR(SPMHDB-396): A design outline already exists.
ERROR: Failed to add (LW)POLYLINE
  on BOARD GEOMETRY / DESIGN_OUTLINE
  POLYLINE on line number 7450

ERROR: ERROR(SPMHDB-396): A design outline already exists.
ERROR: Failed to add (LW)POLYLINE
  on BOARD GEOMETRY / DESIGN_OUTLINE
  POLYLINE on line number 7522

ERROR: ERROR(SPMHDB-396): A design outline already exists.
ERROR: Failed to add (LW)POLYLINE
  on BOARD GEOMETRY / DESIGN_OUTLINE
  POLYLINE on line number 7594

ERROR: ERROR(SPMHDB-396): A design outline already exists.
ERROR: Failed to add (LW)POLYLINE
  on BOARD GEOMETRY / DESIGN_OUTLINE
  POLYLINE on line number 7666

ERROR: ERROR(SPMHDB-396): A design outline already exists.
ERROR: Failed to add (LW)POLYLINE
  on BOARD GEOMETRY / DESIGN_OUTLINE
  POLYLINE on line number 7738

ERROR: ERROR(SPMHDB-396): A design outline already exists.
ERROR: Failed to add (LW)POLYLINE
  on BOARD GEOMETRY / DESIGN_OUTLINE
  POLYLINE on line number 7810

ERROR: ERROR(SPMHDB-396): A design outline already exists.
ERROR: Failed to add (LW)POLYLINE
  on BOARD GEOMETRY / DESIGN_OUTLINE
  POLYLINE on line number 7882

ERROR: ERROR(SPMHDB-396): A design outline already exists.
ERROR: Failed to add (LW)POLYLINE
  on BOARD GEOMETRY / DESIGN_OUTLINE
  POLYLINE on line number 7954

ERROR: ERROR(SPMHDB-396): A design outline already exists.
ERROR: Failed to add (LW)POLYLINE
  on BOARD GEOMETRY / DESIGN_OUTLINE
  POLYLINE on line number 8026

ERROR: ERROR(SPMHDB-396): A design outline already exists.
ERROR: Failed to add (LW)POLYLINE
  on BOARD GEOMETRY / DESIGN_OUTLINE
  POLYLINE on line number 8098

ERROR: ERROR(SPMHDB-396): A design outline already exists.
ERROR: Failed to add (LW)POLYLINE
  on BOARD GEOMETRY / DESIGN_OUTLINE
  POLYLINE on line number 8170

ERROR: ERROR(SPMHDB-396): A design outline already exists.
ERROR: Failed to add (LW)POLYLINE
  on BOARD GEOMETRY / DESIGN_OUTLINE
  POLYLINE on line number 8242

ERROR: ERROR(SPMHDB-396): A design outline already exists.
ERROR: Failed to add (LW)POLYLINE
  on BOARD GEOMETRY / DESIGN_OUTLINE
  POLYLINE on line number 8314

ERROR: ERROR(SPMHDB-396): A design outline already exists.
ERROR: Failed to add (LW)POLYLINE
  on BOARD GEOMETRY / DESIGN_OUTLINE
  POLYLINE on line number 8386

ERROR: ERROR(SPMHDB-396): A design outline already exists.
ERROR: Failed to add (LW)POLYLINE
  on BOARD GEOMETRY / DESIGN_OUTLINE
  POLYLINE on line number 8458

ERROR: ERROR(SPMHDB-183): 'LINE' object may not exist on layer 'BOARD GEOMETRY/DESIGN_OUTLINE'.
ERROR: Failed to add (LW)POLYLINE
  on BOARD GEOMETRY / DESIGN_OUTLINE
  POLYLINE on line number 8530

ERROR: ERROR(SPMHDB-183): 'LINE' object may not exist on layer 'BOARD GEOMETRY/DESIGN_OUTLINE'.
ERROR: Failed to add (LW)POLYLINE
  on BOARD GEOMETRY / DESIGN_OUTLINE
  POLYLINE on line number 8630

ERROR: ERROR(SPMHDB-183): 'LINE' object may not exist on layer 'BOARD GEOMETRY/DESIGN_OUTLINE'.
ERROR: Failed to add (LW)POLYLINE
  on BOARD GEOMETRY / DESIGN_OUTLINE
  POLYLINE on line number 8688

ERROR: ERROR(SPMHDB-183): 'LINE' object may not exist on layer 'BOARD GEOMETRY/DESIGN_OUTLINE'.
ERROR: Failed to add (LW)POLYLINE
  on BOARD GEOMETRY / DESIGN_OUTLINE
  POLYLINE on line number 8760

ERROR: ERROR(SPMHDB-183): 'LINE' object may not exist on layer 'BOARD GEOMETRY/DESIGN_OUTLINE'.
ERROR: Failed to add (LW)POLYLINE
  on BOARD GEOMETRY / DESIGN_OUTLINE
  POLYLINE on line number 8818

ERROR: ERROR(SPMHDB-396): A design outline already exists.
ERROR: Failed to add (LW)POLYLINE
  on BOARD GEOMETRY / DESIGN_OUTLINE
  POLYLINE on line number 8876

ERROR: ERROR(SPMHDB-183): 'LINE' object may not exist on layer 'BOARD GEOMETRY/DESIGN_OUTLINE'.
ERROR: Failed to add CIRCLE on line number 8920

ERROR: ERROR(SPMHDB-183): 'LINE' object may not exist on layer 'BOARD GEOMETRY/DESIGN_OUTLINE'.
ERROR: Failed to add CIRCLE on line number 8930

ERROR: ERROR(SPMHDB-183): 'LINE' object may not exist on layer 'BOARD GEOMETRY/DESIGN_OUTLINE'.
ERROR: Failed to add CIRCLE on line number 8940

ERROR: ERROR(SPMHDB-183): 'LINE' object may not exist on layer 'BOARD GEOMETRY/DESIGN_OUTLINE'.
ERROR: Failed to add CIRCLE on line number 8950

ERROR: ERROR(SPMHDB-183): 'LINE' object may not exist on layer 'BOARD GEOMETRY/DESIGN_OUTLINE'.
ERROR: Failed to add CIRCLE on line number 8960

ERROR: ERROR(SPMHDB-183): 'LINE' object may not exist on layer 'BOARD GEOMETRY/DESIGN_OUTLINE'.
ERROR: Failed to add CIRCLE on line number 8970

ERROR: ERROR(SPMHDB-183): 'LINE' object may not exist on layer 'BOARD GEOMETRY/DESIGN_OUTLINE'.
ERROR: Failed to add CIRCLE on line number 8980

ERROR: ERROR(SPMHDB-183): 'LINE' object may not exist on layer 'BOARD GEOMETRY/DESIGN_OUTLINE'.
ERROR: Failed to add CIRCLE on line number 8990

ERROR: ERROR(SPMHDB-183): 'LINE' object may not exist on layer 'BOARD GEOMETRY/DESIGN_OUTLINE'.
ERROR: Failed to add CIRCLE on line number 9000

ERROR: ERROR(SPMHDB-183): 'LINE' object may not exist on layer 'BOARD GEOMETRY/DESIGN_OUTLINE'.
ERROR: Failed to add CIRCLE on line number 9010

ERROR: ERROR(SPMHDB-183): 'LINE' object may not exist on layer 'BOARD GEOMETRY/DESIGN_OUTLINE'.
ERROR: Failed to add CIRCLE on line number 9020

ERROR: ERROR(SPMHDB-183): 'LINE' object may not exist on layer 'BOARD GEOMETRY/DESIGN_OUTLINE'.
ERROR: Failed to add CIRCLE on line number 9030

ERROR: ERROR(SPMHDB-183): 'LINE' object may not exist on layer 'BOARD GEOMETRY/DESIGN_OUTLINE'.
ERROR: Failed to add CIRCLE on line number 9040

ERROR: ERROR(SPMHDB-183): 'LINE' object may not exist on layer 'BOARD GEOMETRY/DESIGN_OUTLINE'.
ERROR: Failed to add CIRCLE on line number 9050

ERROR: ERROR(SPMHDB-183): 'LINE' object may not exist on layer 'BOARD GEOMETRY/DESIGN_OUTLINE'.
ERROR: Failed to add CIRCLE on line number 9060

ERROR: ERROR(SPMHDB-183): 'LINE' object may not exist on layer 'BOARD GEOMETRY/DESIGN_OUTLINE'.
ERROR: Failed to add CIRCLE on line number 9070

ERROR: ERROR(SPMHDB-396): A design outline already exists.
ERROR: Failed to add (LW)POLYLINE
  on BOARD GEOMETRY / DESIGN_OUTLINE
  POLYLINE on line number 9080

ERROR: ERROR(SPMHDB-396): A design outline already exists.
ERROR: Failed to add (LW)POLYLINE
  on BOARD GEOMETRY / DESIGN_OUTLINE
  POLYLINE on line number 9152

ERROR: ERROR(SPMHDB-396): A design outline already exists.
ERROR: Failed to add (LW)POLYLINE
  on BOARD GEOMETRY / DESIGN_OUTLINE
  POLYLINE on line number 9224

ERROR: ERROR(SPMHDB-396): A design outline already exists.
ERROR: Failed to add (LW)POLYLINE
  on BOARD GEOMETRY / DESIGN_OUTLINE
  POLYLINE on line number 9296

ERROR: ERROR(SPMHDB-396): A design outline already exists.
ERROR: Failed to add (LW)POLYLINE
  on BOARD GEOMETRY / DESIGN_OUTLINE
  POLYLINE on line number 9368

ERROR: ERROR(SPMHDB-396): A design outline already exists.
ERROR: Failed to add (LW)POLYLINE
  on BOARD GEOMETRY / DESIGN_OUTLINE
  POLYLINE on line number 9440

ERROR: ERROR(SPMHDB-396): A design outline already exists.
ERROR: Failed to add (LW)POLYLINE
  on BOARD GEOMETRY / DESIGN_OUTLINE
  POLYLINE on line number 9512

ERROR: ERROR(SPMHDB-396): A design outline already exists.
ERROR: Failed to add (LW)POLYLINE
  on BOARD GEOMETRY / DESIGN_OUTLINE
  POLYLINE on line number 9584

ERROR: ERROR(SPMHDB-396): A design outline already exists.
ERROR: Failed to add (LW)POLYLINE
  on BOARD GEOMETRY / DESIGN_OUTLINE
  POLYLINE on line number 9656

ERROR: ERROR(SPMHDB-396): A design outline already exists.
ERROR: Failed to add (LW)POLYLINE
  on BOARD GEOMETRY / DESIGN_OUTLINE
  POLYLINE on line number 9728

ERROR: ERROR(SPMHDB-396): A design outline already exists.
ERROR: Failed to add (LW)POLYLINE
  on BOARD GEOMETRY / DESIGN_OUTLINE
  POLYLINE on line number 9800

ERROR: ERROR(SPMHDB-396): A design outline already exists.
ERROR: Failed to add (LW)POLYLINE
  on BOARD GEOMETRY / DESIGN_OUTLINE
  POLYLINE on line number 9872

ERROR: ERROR(SPMHDB-396): A design outline already exists.
ERROR: Failed to add (LW)POLYLINE
  on BOARD GEOMETRY / DESIGN_OUTLINE
  POLYLINE on line number 9944

ERROR: ERROR(SPMHDB-396): A design outline already exists.
ERROR: Failed to add (LW)POLYLINE
  on BOARD GEOMETRY / DESIGN_OUTLINE
  POLYLINE on line number 10016

ERROR: ERROR(SPMHDB-396): A design outline already exists.
ERROR: Failed to add (LW)POLYLINE
  on BOARD GEOMETRY / DESIGN_OUTLINE
  POLYLINE on line number 10088

ERROR: ERROR(SPMHDB-396): A design outline already exists.
ERROR: Failed to add (LW)POLYLINE
  on BOARD GEOMETRY / DESIGN_OUTLINE
  POLYLINE on line number 10160

ERROR: ERROR(SPMHDB-183): 'LINE' object may not exist on layer 'BOARD GEOMETRY/DESIGN_OUTLINE'.
ERROR: Failed to add (LW)POLYLINE
  on BOARD GEOMETRY / DESIGN_OUTLINE
  POLYLINE on line number 10232

ERROR: ERROR(SPMHDB-396): A design outline already exists.
ERROR: Failed to add (LW)POLYLINE
  on BOARD GEOMETRY / DESIGN_OUTLINE
  POLYLINE on line number 10332

ERROR: ERROR(SPMHDB-396): A design outline already exists.
ERROR: Failed to add (LW)POLYLINE
  on BOARD GEOMETRY / DESIGN_OUTLINE
  POLYLINE on line number 10418

ERROR: ERROR(SPMHDB-396): A design outline already exists.
ERROR: Failed to add (LW)POLYLINE
  on BOARD GEOMETRY / DESIGN_OUTLINE
  POLYLINE on line number 10490

ERROR: ERROR(SPMHDB-183): 'LINE' object may not exist on layer 'BOARD GEOMETRY/DESIGN_OUTLINE'.
ERROR: Failed to add (LW)POLYLINE
  on BOARD GEOMETRY / DESIGN_OUTLINE
  POLYLINE on line number 10562

ERROR: ERROR(SPMHDB-396): A design outline already exists.
ERROR: Failed to add (LW)POLYLINE
  on BOARD GEOMETRY / DESIGN_OUTLINE
  POLYLINE on line number 10662

ERROR: ERROR(SPMHDB-396): A design outline already exists.
ERROR: Failed to add (LW)POLYLINE
  on BOARD GEOMETRY / DESIGN_OUTLINE
  POLYLINE on line number 10734

ERROR: ERROR(SPMHDB-183): 'LINE' object may not exist on layer 'BOARD GEOMETRY/DESIGN_OUTLINE'.
ERROR: Failed to add (LW)POLYLINE
  on BOARD GEOMETRY / DESIGN_OUTLINE
  POLYLINE on line number 10806

ERROR: ERROR(SPMHDB-396): A design outline already exists.
ERROR: Failed to add (LW)POLYLINE
  on BOARD GEOMETRY / DESIGN_OUTLINE
  POLYLINE on line number 10906

ERROR: ERROR(SPMHDB-396): A design outline already exists.
ERROR: Failed to add (LW)POLYLINE
  on BOARD GEOMETRY / DESIGN_OUTLINE
  POLYLINE on line number 10978

ERROR: ERROR(SPMHDB-183): 'LINE' object may not exist on layer 'BOARD GEOMETRY/DESIGN_OUTLINE'.
ERROR: Failed to add (LW)POLYLINE
  on BOARD GEOMETRY / DESIGN_OUTLINE
  POLYLINE on line number 11050

ERROR: ERROR(SPMHDB-396): A design outline already exists.
ERROR: Failed to add (LW)POLYLINE
  on BOARD GEOMETRY / DESIGN_OUTLINE
  POLYLINE on line number 11150

ERROR: ERROR(SPMHDB-396): A design outline already exists.
ERROR: Failed to add (LW)POLYLINE
  on BOARD GEOMETRY / DESIGN_OUTLINE
  POLYLINE on line number 11222

ERROR: ERROR(SPMHDB-183): 'LINE' object may not exist on layer 'BOARD GEOMETRY/DESIGN_OUTLINE'.
ERROR: Failed to add (LW)POLYLINE
  on BOARD GEOMETRY / DESIGN_OUTLINE
  POLYLINE on line number 11294

ERROR: ERROR(SPMHDB-396): A design outline already exists.
ERROR: Failed to add (LW)POLYLINE
  on BOARD GEOMETRY / DESIGN_OUTLINE
  POLYLINE on line number 11394

ERROR: ERROR(SPMHDB-396): A design outline already exists.
ERROR: Failed to add (LW)POLYLINE
  on BOARD GEOMETRY / DESIGN_OUTLINE
  POLYLINE on line number 11466

ERROR: ERROR(SPMHDB-183): 'LINE' object may not exist on layer 'BOARD GEOMETRY/DESIGN_OUTLINE'.
ERROR: Failed to add (LW)POLYLINE
  on BOARD GEOMETRY / DESIGN_OUTLINE
  POLYLINE on line number 11538

ERROR: ERROR(SPMHDB-396): A design outline already exists.
ERROR: Failed to add (LW)POLYLINE
  on BOARD GEOMETRY / DESIGN_OUTLINE
  POLYLINE on line number 11638

ERROR: ERROR(SPMHDB-396): A design outline already exists.
ERROR: Failed to add (LW)POLYLINE
  on BOARD GEOMETRY / DESIGN_OUTLINE
  POLYLINE on line number 11710

ERROR: ERROR(SPMHDB-183): 'LINE' object may not exist on layer 'BOARD GEOMETRY/DESIGN_OUTLINE'.
ERROR: Failed to add (LW)POLYLINE
  on BOARD GEOMETRY / DESIGN_OUTLINE
  POLYLINE on line number 11782

ERROR: ERROR(SPMHDB-396): A design outline already exists.
ERROR: Failed to add (LW)POLYLINE
  on BOARD GEOMETRY / DESIGN_OUTLINE
  POLYLINE on line number 11882

ERROR: ERROR(SPMHDB-396): A design outline already exists.
ERROR: Failed to add (LW)POLYLINE
  on BOARD GEOMETRY / DESIGN_OUTLINE
  POLYLINE on line number 11954

ERROR: ERROR(SPMHDB-183): 'LINE' object may not exist on layer 'BOARD GEOMETRY/DESIGN_OUTLINE'.
ERROR: Failed to add (LW)POLYLINE
  on BOARD GEOMETRY / DESIGN_OUTLINE
  POLYLINE on line number 12026

ERROR: ERROR(SPMHDB-396): A design outline already exists.
ERROR: Failed to add (LW)POLYLINE
  on BOARD GEOMETRY / DESIGN_OUTLINE
  POLYLINE on line number 12126

ERROR: ERROR(SPMHDB-396): A design outline already exists.
ERROR: Failed to add (LW)POLYLINE
  on BOARD GEOMETRY / DESIGN_OUTLINE
  POLYLINE on line number 12198

ERROR: ERROR(SPMHDB-183): 'LINE' object may not exist on layer 'BOARD GEOMETRY/DESIGN_OUTLINE'.
ERROR: Failed to add (LW)POLYLINE
  on BOARD GEOMETRY / DESIGN_OUTLINE
  POLYLINE on line number 12270

ERROR: ERROR(SPMHDB-396): A design outline already exists.
ERROR: Failed to add (LW)POLYLINE
  on BOARD GEOMETRY / DESIGN_OUTLINE
  POLYLINE on line number 12370

ERROR: ERROR(SPMHDB-396): A design outline already exists.
ERROR: Failed to add (LW)POLYLINE
  on BOARD GEOMETRY / DESIGN_OUTLINE
  POLYLINE on line number 12442

ERROR: ERROR(SPMHDB-183): 'LINE' object may not exist on layer 'BOARD GEOMETRY/DESIGN_OUTLINE'.
ERROR: Failed to add (LW)POLYLINE
  on BOARD GEOMETRY / DESIGN_OUTLINE
  POLYLINE on line number 12514

ERROR: ERROR(SPMHDB-396): A design outline already exists.
ERROR: Failed to add (LW)POLYLINE
  on BOARD GEOMETRY / DESIGN_OUTLINE
  POLYLINE on line number 12614

ERROR: ERROR(SPMHDB-396): A design outline already exists.
ERROR: Failed to add (LW)POLYLINE
  on BOARD GEOMETRY / DESIGN_OUTLINE
  POLYLINE on line number 12686

ERROR: ERROR(SPMHDB-183): 'LINE' object may not exist on layer 'BOARD GEOMETRY/DESIGN_OUTLINE'.
ERROR: Failed to add (LW)POLYLINE
  on BOARD GEOMETRY / DESIGN_OUTLINE
  POLYLINE on line number 12758

ERROR: ERROR(SPMHDB-396): A design outline already exists.
ERROR: Failed to add (LW)POLYLINE
  on BOARD GEOMETRY / DESIGN_OUTLINE
  POLYLINE on line number 12858

ERROR: ERROR(SPMHDB-396): A design outline already exists.
ERROR: Failed to add (LW)POLYLINE
  on BOARD GEOMETRY / DESIGN_OUTLINE
  POLYLINE on line number 12930

ERROR: ERROR(SPMHDB-183): 'LINE' object may not exist on layer 'BOARD GEOMETRY/DESIGN_OUTLINE'.
ERROR: Failed to add (LW)POLYLINE
  on BOARD GEOMETRY / DESIGN_OUTLINE
  POLYLINE on line number 13002

ERROR: ERROR(SPMHDB-396): A design outline already exists.
ERROR: Failed to add (LW)POLYLINE
  on BOARD GEOMETRY / DESIGN_OUTLINE
  POLYLINE on line number 13102

ERROR: ERROR(SPMHDB-396): A design outline already exists.
ERROR: Failed to add (LW)POLYLINE
  on BOARD GEOMETRY / DESIGN_OUTLINE
  POLYLINE on line number 13174

ERROR: ERROR(SPMHDB-183): 'LINE' object may not exist on layer 'BOARD GEOMETRY/DESIGN_OUTLINE'.
ERROR: Failed to add (LW)POLYLINE
  on BOARD GEOMETRY / DESIGN_OUTLINE
  POLYLINE on line number 13246

ERROR: ERROR(SPMHDB-396): A design outline already exists.
ERROR: Failed to add (LW)POLYLINE
  on BOARD GEOMETRY / DESIGN_OUTLINE
  POLYLINE on line number 13346

ERROR: ERROR(SPMHDB-396): A design outline already exists.
ERROR: Failed to add (LW)POLYLINE
  on BOARD GEOMETRY / DESIGN_OUTLINE
  POLYLINE on line number 13418

ERROR: ERROR(SPMHDB-183): 'LINE' object may not exist on layer 'BOARD GEOMETRY/DESIGN_OUTLINE'.
ERROR: Failed to add (LW)POLYLINE
  on BOARD GEOMETRY / DESIGN_OUTLINE
  POLYLINE on line number 13490

ERROR: ERROR(SPMHDB-396): A design outline already exists.
ERROR: Failed to add (LW)POLYLINE
  on BOARD GEOMETRY / DESIGN_OUTLINE
  POLYLINE on line number 13590

ERROR: ERROR(SPMHDB-396): A design outline already exists.
ERROR: Failed to add (LW)POLYLINE
  on BOARD GEOMETRY / DESIGN_OUTLINE
  POLYLINE on line number 13662

ERROR: ERROR(SPMHDB-183): 'LINE' object may not exist on layer 'BOARD GEOMETRY/DESIGN_OUTLINE'.
ERROR: Failed to add (LW)POLYLINE
  on BOARD GEOMETRY / DESIGN_OUTLINE
  POLYLINE on line number 13734

ERROR: ERROR(SPMHDB-396): A design outline already exists.
ERROR: Failed to add (LW)POLYLINE
  on BOARD GEOMETRY / DESIGN_OUTLINE
  POLYLINE on line number 13834

ERROR: ERROR(SPMHDB-396): A design outline already exists.
ERROR: Failed to add (LW)POLYLINE
  on BOARD GEOMETRY / DESIGN_OUTLINE
  POLYLINE on line number 13906

ERROR: ERROR(SPMHDB-183): 'LINE' object may not exist on layer 'BOARD GEOMETRY/DESIGN_OUTLINE'.
ERROR: Failed to add (LW)POLYLINE
  on BOARD GEOMETRY / DESIGN_OUTLINE
  POLYLINE on line number 13978

ERROR: ERROR(SPMHDB-396): A design outline already exists.
ERROR: Failed to add (LW)POLYLINE
  on BOARD GEOMETRY / DESIGN_OUTLINE
  POLYLINE on line number 14078

ERROR: ERROR(SPMHDB-396): A design outline already exists.
ERROR: Failed to add (LW)POLYLINE
  on BOARD GEOMETRY / DESIGN_OUTLINE
  POLYLINE on line number 14150

ERROR: ERROR(SPMHDB-183): 'LINE' object may not exist on layer 'BOARD GEOMETRY/DESIGN_OUTLINE'.
ERROR: Failed to add (LW)POLYLINE
  on BOARD GEOMETRY / DESIGN_OUTLINE
  POLYLINE on line number 14222

ERROR: ERROR(SPMHDB-396): A design outline already exists.
ERROR: Failed to add (LW)POLYLINE
  on BOARD GEOMETRY / DESIGN_OUTLINE
  POLYLINE on line number 14322

ERROR: ERROR(SPMHDB-396): A design outline already exists.
ERROR: Failed to add (LW)POLYLINE
  on BOARD GEOMETRY / DESIGN_OUTLINE
  POLYLINE on line number 14394

ERROR: ERROR(SPMHDB-183): 'LINE' object may not exist on layer 'BOARD GEOMETRY/DESIGN_OUTLINE'.
ERROR: Failed to add (LW)POLYLINE
  on BOARD GEOMETRY / DESIGN_OUTLINE
  POLYLINE on line number 14466

ERROR: ERROR(SPMHDB-396): A design outline already exists.
ERROR: Failed to add (LW)POLYLINE
  on BOARD GEOMETRY / DESIGN_OUTLINE
  POLYLINE on line number 14566

ERROR: ERROR(SPMHDB-396): A design outline already exists.
ERROR: Failed to add (LW)POLYLINE
  on BOARD GEOMETRY / DESIGN_OUTLINE
  POLYLINE on line number 14638

ERROR: ERROR(SPMHDB-183): 'LINE' object may not exist on layer 'BOARD GEOMETRY/DESIGN_OUTLINE'.
ERROR: Failed to add (LW)POLYLINE
  on BOARD GEOMETRY / DESIGN_OUTLINE
  POLYLINE on line number 14710

ERROR: ERROR(SPMHDB-396): A design outline already exists.
ERROR: Failed to add (LW)POLYLINE
  on BOARD GEOMETRY / DESIGN_OUTLINE
  POLYLINE on line number 14810

ERROR: ERROR(SPMHDB-396): A design outline already exists.
ERROR: Failed to add (LW)POLYLINE
  on BOARD GEOMETRY / DESIGN_OUTLINE
  POLYLINE on line number 14882

ERROR: ERROR(SPMHDB-183): 'LINE' object may not exist on layer 'BOARD GEOMETRY/DESIGN_OUTLINE'.
ERROR: Failed to add (LW)POLYLINE
  on BOARD GEOMETRY / DESIGN_OUTLINE
  POLYLINE on line number 14954

ERROR: ERROR(SPMHDB-396): A design outline already exists.
ERROR: Failed to add (LW)POLYLINE
  on BOARD GEOMETRY / DESIGN_OUTLINE
  POLYLINE on line number 15054

ERROR: ERROR(SPMHDB-396): A design outline already exists.
ERROR: Failed to add (LW)POLYLINE
  on BOARD GEOMETRY / DESIGN_OUTLINE
  POLYLINE on line number 15126

ERROR: ERROR(SPMHDB-183): 'LINE' object may not exist on layer 'BOARD GEOMETRY/DESIGN_OUTLINE'.
ERROR: Failed to add (LW)POLYLINE
  on BOARD GEOMETRY / DESIGN_OUTLINE
  POLYLINE on line number 15198

ERROR: ERROR(SPMHDB-396): A design outline already exists.
ERROR: Failed to add (LW)POLYLINE
  on BOARD GEOMETRY / DESIGN_OUTLINE
  POLYLINE on line number 15298

ERROR: ERROR(SPMHDB-396): A design outline already exists.
ERROR: Failed to add (LW)POLYLINE
  on BOARD GEOMETRY / DESIGN_OUTLINE
  POLYLINE on line number 15370

ERROR: ERROR(SPMHDB-183): 'LINE' object may not exist on layer 'BOARD GEOMETRY/DESIGN_OUTLINE'.
ERROR: Failed to add (LW)POLYLINE
  on BOARD GEOMETRY / DESIGN_OUTLINE
  POLYLINE on line number 15442

ERROR: ERROR(SPMHDB-396): A design outline already exists.
ERROR: Failed to add (LW)POLYLINE
  on BOARD GEOMETRY / DESIGN_OUTLINE
  POLYLINE on line number 15542

ERROR: ERROR(SPMHDB-396): A design outline already exists.
ERROR: Failed to add (LW)POLYLINE
  on BOARD GEOMETRY / DESIGN_OUTLINE
  POLYLINE on line number 15614

ERROR: ERROR(SPMHDB-183): 'LINE' object may not exist on layer 'BOARD GEOMETRY/DESIGN_OUTLINE'.
ERROR: Failed to add (LW)POLYLINE
  on BOARD GEOMETRY / DESIGN_OUTLINE
  POLYLINE on line number 15686

ERROR: ERROR(SPMHDB-396): A design outline already exists.
ERROR: Failed to add (LW)POLYLINE
  on BOARD GEOMETRY / DESIGN_OUTLINE
  POLYLINE on line number 15786

ERROR: ERROR(SPMHDB-396): A design outline already exists.
ERROR: Failed to add (LW)POLYLINE
  on BOARD GEOMETRY / DESIGN_OUTLINE
  POLYLINE on line number 15858

ERROR: ERROR(SPMHDB-183): 'LINE' object may not exist on layer 'BOARD GEOMETRY/DESIGN_OUTLINE'.
ERROR: Failed to add (LW)POLYLINE
  on BOARD GEOMETRY / DESIGN_OUTLINE
  POLYLINE on line number 15930

ERROR: ERROR(SPMHDB-396): A design outline already exists.
ERROR: Failed to add (LW)POLYLINE
  on BOARD GEOMETRY / DESIGN_OUTLINE
  POLYLINE on line number 16030

ERROR: ERROR(SPMHDB-396): A design outline already exists.
ERROR: Failed to add (LW)POLYLINE
  on BOARD GEOMETRY / DESIGN_OUTLINE
  POLYLINE on line number 16102

ERROR: ERROR(SPMHDB-183): 'LINE' object may not exist on layer 'BOARD GEOMETRY/DESIGN_OUTLINE'.
ERROR: Failed to add (LW)POLYLINE
  on BOARD GEOMETRY / DESIGN_OUTLINE
  POLYLINE on line number 16174

ERROR: ERROR(SPMHDB-396): A design outline already exists.
ERROR: Failed to add (LW)POLYLINE
  on BOARD GEOMETRY / DESIGN_OUTLINE
  POLYLINE on line number 16274

ERROR: ERROR(SPMHDB-396): A design outline already exists.
ERROR: Failed to add (LW)POLYLINE
  on BOARD GEOMETRY / DESIGN_OUTLINE
  POLYLINE on line number 16346

ERROR: ERROR(SPMHDB-183): 'LINE' object may not exist on layer 'BOARD GEOMETRY/DESIGN_OUTLINE'.
ERROR: Failed to add (LW)POLYLINE
  on BOARD GEOMETRY / DESIGN_OUTLINE
  POLYLINE on line number 16418

ERROR: ERROR(SPMHDB-396): A design outline already exists.
ERROR: Failed to add (LW)POLYLINE
  on BOARD GEOMETRY / DESIGN_OUTLINE
  POLYLINE on line number 16518

ERROR: ERROR(SPMHDB-396): A design outline already exists.
ERROR: Failed to add (LW)POLYLINE
  on BOARD GEOMETRY / DESIGN_OUTLINE
  POLYLINE on line number 16590

ERROR: ERROR(SPMHDB-183): 'LINE' object may not exist on layer 'BOARD GEOMETRY/DESIGN_OUTLINE'.
ERROR: Failed to add (LW)POLYLINE
  on BOARD GEOMETRY / DESIGN_OUTLINE
  POLYLINE on line number 16662

ERROR: ERROR(SPMHDB-396): A design outline already exists.
ERROR: Failed to add (LW)POLYLINE
  on BOARD GEOMETRY / DESIGN_OUTLINE
  POLYLINE on line number 16762

ERROR: ERROR(SPMHDB-396): A design outline already exists.
ERROR: Failed to add (LW)POLYLINE
  on BOARD GEOMETRY / DESIGN_OUTLINE
  POLYLINE on line number 16834

ERROR: ERROR(SPMHDB-183): 'LINE' object may not exist on layer 'BOARD GEOMETRY/DESIGN_OUTLINE'.
ERROR: Failed to add (LW)POLYLINE
  on BOARD GEOMETRY / DESIGN_OUTLINE
  POLYLINE on line number 16906

ERROR: ERROR(SPMHDB-396): A design outline already exists.
ERROR: Failed to add (LW)POLYLINE
  on BOARD GEOMETRY / DESIGN_OUTLINE
  POLYLINE on line number 17006

ERROR: ERROR(SPMHDB-396): A design outline already exists.
ERROR: Failed to add (LW)POLYLINE
  on BOARD GEOMETRY / DESIGN_OUTLINE
  POLYLINE on line number 17078

ERROR: ERROR(SPMHDB-183): 'LINE' object may not exist on layer 'BOARD GEOMETRY/DESIGN_OUTLINE'.
ERROR: Failed to add (LW)POLYLINE
  on BOARD GEOMETRY / DESIGN_OUTLINE
  POLYLINE on line number 17150

ERROR: ERROR(SPMHDB-396): A design outline already exists.
ERROR: Failed to add (LW)POLYLINE
  on BOARD GEOMETRY / DESIGN_OUTLINE
  POLYLINE on line number 17250

ERROR: ERROR(SPMHDB-396): A design outline already exists.
ERROR: Failed to add (LW)POLYLINE
  on BOARD GEOMETRY / DESIGN_OUTLINE
  POLYLINE on line number 17322

ERROR: ERROR(SPMHDB-183): 'LINE' object may not exist on layer 'BOARD GEOMETRY/DESIGN_OUTLINE'.
ERROR: Failed to add (LW)POLYLINE
  on BOARD GEOMETRY / DESIGN_OUTLINE
  POLYLINE on line number 17394

ERROR: ERROR(SPMHDB-396): A design outline already exists.
ERROR: Failed to add (LW)POLYLINE
  on BOARD GEOMETRY / DESIGN_OUTLINE
  POLYLINE on line number 17494

ERROR: ERROR(SPMHDB-396): A design outline already exists.
ERROR: Failed to add (LW)POLYLINE
  on BOARD GEOMETRY / DESIGN_OUTLINE
  POLYLINE on line number 17566

ERROR: ERROR(SPMHDB-183): 'LINE' object may not exist on layer 'BOARD GEOMETRY/DESIGN_OUTLINE'.
ERROR: Failed to add (LW)POLYLINE
  on BOARD GEOMETRY / DESIGN_OUTLINE
  POLYLINE on line number 17638

ERROR: ERROR(SPMHDB-396): A design outline already exists.
ERROR: Failed to add (LW)POLYLINE
  on BOARD GEOMETRY / DESIGN_OUTLINE
  POLYLINE on line number 17738

ERROR: ERROR(SPMHDB-396): A design outline already exists.
ERROR: Failed to add (LW)POLYLINE
  on BOARD GEOMETRY / DESIGN_OUTLINE
  POLYLINE on line number 17810

ERROR: ERROR(SPMHDB-183): 'LINE' object may not exist on layer 'BOARD GEOMETRY/DESIGN_OUTLINE'.
ERROR: Failed to add (LW)POLYLINE
  on BOARD GEOMETRY / DESIGN_OUTLINE
  POLYLINE on line number 17882

ERROR: ERROR(SPMHDB-396): A design outline already exists.
ERROR: Failed to add (LW)POLYLINE
  on BOARD GEOMETRY / DESIGN_OUTLINE
  POLYLINE on line number 17982

ERROR: ERROR(SPMHDB-396): A design outline already exists.
ERROR: Failed to add (LW)POLYLINE
  on BOARD GEOMETRY / DESIGN_OUTLINE
  POLYLINE on line number 18054

ERROR: ERROR(SPMHDB-183): 'LINE' object may not exist on layer 'BOARD GEOMETRY/DESIGN_OUTLINE'.
ERROR: Failed to add (LW)POLYLINE
  on BOARD GEOMETRY / DESIGN_OUTLINE
  POLYLINE on line number 18126

ERROR: ERROR(SPMHDB-396): A design outline already exists.
ERROR: Failed to add (LW)POLYLINE
  on BOARD GEOMETRY / DESIGN_OUTLINE
  POLYLINE on line number 18226

ERROR: ERROR(SPMHDB-396): A design outline already exists.
ERROR: Failed to add (LW)POLYLINE
  on BOARD GEOMETRY / DESIGN_OUTLINE
  POLYLINE on line number 18298

ERROR: ERROR(SPMHDB-183): 'LINE' object may not exist on layer 'BOARD GEOMETRY/DESIGN_OUTLINE'.
ERROR: Failed to add (LW)POLYLINE
  on BOARD GEOMETRY / DESIGN_OUTLINE
  POLYLINE on line number 18370

ERROR: ERROR(SPMHDB-396): A design outline already exists.
ERROR: Failed to add (LW)POLYLINE
  on BOARD GEOMETRY / DESIGN_OUTLINE
  POLYLINE on line number 18470

ERROR: ERROR(SPMHDB-396): A design outline already exists.
ERROR: Failed to add (LW)POLYLINE
  on BOARD GEOMETRY / DESIGN_OUTLINE
  POLYLINE on line number 18542

ERROR: ERROR(SPMHDB-183): 'LINE' object may not exist on layer 'BOARD GEOMETRY/DESIGN_OUTLINE'.
ERROR: Failed to add (LW)POLYLINE
  on BOARD GEOMETRY / DESIGN_OUTLINE
  POLYLINE on line number 18614

ERROR: ERROR(SPMHDB-396): A design outline already exists.
ERROR: Failed to add (LW)POLYLINE
  on BOARD GEOMETRY / DESIGN_OUTLINE
  POLYLINE on line number 18714

ERROR: ERROR(SPMHDB-396): A design outline already exists.
ERROR: Failed to add (LW)POLYLINE
  on BOARD GEOMETRY / DESIGN_OUTLINE
  POLYLINE on line number 18786

ERROR: ERROR(SPMHDB-183): 'LINE' object may not exist on layer 'BOARD GEOMETRY/DESIGN_OUTLINE'.
ERROR: Failed to add (LW)POLYLINE
  on BOARD GEOMETRY / DESIGN_OUTLINE
  POLYLINE on line number 18858

ERROR: ERROR(SPMHDB-396): A design outline already exists.
ERROR: Failed to add (LW)POLYLINE
  on BOARD GEOMETRY / DESIGN_OUTLINE
  POLYLINE on line number 18958

ERROR: ERROR(SPMHDB-396): A design outline already exists.
ERROR: Failed to add (LW)POLYLINE
  on BOARD GEOMETRY / DESIGN_OUTLINE
  POLYLINE on line number 19030

ERROR: ERROR(SPMHDB-183): 'LINE' object may not exist on layer 'BOARD GEOMETRY/DESIGN_OUTLINE'.
ERROR: Failed to add (LW)POLYLINE
  on BOARD GEOMETRY / DESIGN_OUTLINE
  POLYLINE on line number 19102

ERROR: ERROR(SPMHDB-396): A design outline already exists.
ERROR: Failed to add (LW)POLYLINE
  on BOARD GEOMETRY / DESIGN_OUTLINE
  POLYLINE on line number 19202

ERROR: ERROR(SPMHDB-396): A design outline already exists.
ERROR: Failed to add (LW)POLYLINE
  on BOARD GEOMETRY / DESIGN_OUTLINE
  POLYLINE on line number 19274

ERROR: ERROR(SPMHDB-183): 'LINE' object may not exist on layer 'BOARD GEOMETRY/DESIGN_OUTLINE'.
ERROR: Failed to add (LW)POLYLINE
  on BOARD GEOMETRY / DESIGN_OUTLINE
  POLYLINE on line number 19346

ERROR: ERROR(SPMHDB-396): A design outline already exists.
ERROR: Failed to add (LW)POLYLINE
  on BOARD GEOMETRY / DESIGN_OUTLINE
  POLYLINE on line number 19446

ERROR: ERROR(SPMHDB-396): A design outline already exists.
ERROR: Failed to add (LW)POLYLINE
  on BOARD GEOMETRY / DESIGN_OUTLINE
  POLYLINE on line number 19518

ERROR: ERROR(SPMHDB-183): 'LINE' object may not exist on layer 'BOARD GEOMETRY/DESIGN_OUTLINE'.
ERROR: Failed to add (LW)POLYLINE
  on BOARD GEOMETRY / DESIGN_OUTLINE
  POLYLINE on line number 19590

ERROR: ERROR(SPMHDB-396): A design outline already exists.
ERROR: Failed to add (LW)POLYLINE
  on BOARD GEOMETRY / DESIGN_OUTLINE
  POLYLINE on line number 19690

ERROR: ERROR(SPMHDB-396): A design outline already exists.
ERROR: Failed to add (LW)POLYLINE
  on BOARD GEOMETRY / DESIGN_OUTLINE
  POLYLINE on line number 19762

ERROR: ERROR(SPMHDB-183): 'LINE' object may not exist on layer 'BOARD GEOMETRY/DESIGN_OUTLINE'.
ERROR: Failed to add (LW)POLYLINE
  on BOARD GEOMETRY / DESIGN_OUTLINE
  POLYLINE on line number 19834

ERROR: ERROR(SPMHDB-396): A design outline already exists.
ERROR: Failed to add (LW)POLYLINE
  on BOARD GEOMETRY / DESIGN_OUTLINE
  POLYLINE on line number 19934

ERROR: ERROR(SPMHDB-396): A design outline already exists.
ERROR: Failed to add (LW)POLYLINE
  on BOARD GEOMETRY / DESIGN_OUTLINE
  POLYLINE on line number 20006

ERROR: ERROR(SPMHDB-183): 'LINE' object may not exist on layer 'BOARD GEOMETRY/DESIGN_OUTLINE'.
ERROR: Failed to add (LW)POLYLINE
  on BOARD GEOMETRY / DESIGN_OUTLINE
  POLYLINE on line number 20078

ERROR: ERROR(SPMHDB-396): A design outline already exists.
ERROR: Failed to add (LW)POLYLINE
  on BOARD GEOMETRY / DESIGN_OUTLINE
  POLYLINE on line number 20178

ERROR: ERROR(SPMHDB-396): A design outline already exists.
ERROR: Failed to add (LW)POLYLINE
  on BOARD GEOMETRY / DESIGN_OUTLINE
  POLYLINE on line number 20250

ERROR: ERROR(SPMHDB-183): 'LINE' object may not exist on layer 'BOARD GEOMETRY/DESIGN_OUTLINE'.
ERROR: Failed to add (LW)POLYLINE
  on BOARD GEOMETRY / DESIGN_OUTLINE
  POLYLINE on line number 20322

ERROR: ERROR(SPMHDB-396): A design outline already exists.
ERROR: Failed to add (LW)POLYLINE
  on BOARD GEOMETRY / DESIGN_OUTLINE
  POLYLINE on line number 20422

ERROR: ERROR(SPMHDB-396): A design outline already exists.
ERROR: Failed to add (LW)POLYLINE
  on BOARD GEOMETRY / DESIGN_OUTLINE
  POLYLINE on line number 20494

ERROR: ERROR(SPMHDB-183): 'LINE' object may not exist on layer 'BOARD GEOMETRY/DESIGN_OUTLINE'.
ERROR: Failed to add (LW)POLYLINE
  on BOARD GEOMETRY / DESIGN_OUTLINE
  POLYLINE on line number 20566

ERROR: ERROR(SPMHDB-396): A design outline already exists.
ERROR: Failed to add (LW)POLYLINE
  on BOARD GEOMETRY / DESIGN_OUTLINE
  POLYLINE on line number 20666

ERROR: ERROR(SPMHDB-396): A design outline already exists.
ERROR: Failed to add (LW)POLYLINE
  on BOARD GEOMETRY / DESIGN_OUTLINE
  POLYLINE on line number 20738

ERROR: ERROR(SPMHDB-183): 'LINE' object may not exist on layer 'BOARD GEOMETRY/DESIGN_OUTLINE'.
ERROR: Failed to add (LW)POLYLINE
  on BOARD GEOMETRY / DESIGN_OUTLINE
  POLYLINE on line number 20810

ERROR: ERROR(SPMHDB-396): A design outline already exists.
ERROR: Failed to add (LW)POLYLINE
  on BOARD GEOMETRY / DESIGN_OUTLINE
  POLYLINE on line number 20910

ERROR: ERROR(SPMHDB-396): A design outline already exists.
ERROR: Failed to add (LW)POLYLINE
  on BOARD GEOMETRY / DESIGN_OUTLINE
  POLYLINE on line number 20982

ERROR: ERROR(SPMHDB-183): 'LINE' object may not exist on layer 'BOARD GEOMETRY/DESIGN_OUTLINE'.
ERROR: Failed to add (LW)POLYLINE
  on BOARD GEOMETRY / DESIGN_OUTLINE
  POLYLINE on line number 21054

ERROR: ERROR(SPMHDB-396): A design outline already exists.
ERROR: Failed to add (LW)POLYLINE
  on BOARD GEOMETRY / DESIGN_OUTLINE
  POLYLINE on line number 21154

ERROR: ERROR(SPMHDB-396): A design outline already exists.
ERROR: Failed to add (LW)POLYLINE
  on BOARD GEOMETRY / DESIGN_OUTLINE
  POLYLINE on line number 21226

ERROR: ERROR(SPMHDB-183): 'LINE' object may not exist on layer 'BOARD GEOMETRY/DESIGN_OUTLINE'.
ERROR: Failed to add (LW)POLYLINE
  on BOARD GEOMETRY / DESIGN_OUTLINE
  POLYLINE on line number 21298

ERROR: ERROR(SPMHDB-396): A design outline already exists.
ERROR: Failed to add (LW)POLYLINE
  on BOARD GEOMETRY / DESIGN_OUTLINE
  POLYLINE on line number 21398

ERROR: ERROR(SPMHDB-396): A design outline already exists.
ERROR: Failed to add (LW)POLYLINE
  on BOARD GEOMETRY / DESIGN_OUTLINE
  POLYLINE on line number 21470

ERROR: ERROR(SPMHDB-183): 'LINE' object may not exist on layer 'BOARD GEOMETRY/DESIGN_OUTLINE'.
ERROR: Failed to add (LW)POLYLINE
  on BOARD GEOMETRY / DESIGN_OUTLINE
  POLYLINE on line number 21542

ERROR: ERROR(SPMHDB-396): A design outline already exists.
ERROR: Failed to add (LW)POLYLINE
  on BOARD GEOMETRY / DESIGN_OUTLINE
  POLYLINE on line number 21642

ERROR: ERROR(SPMHDB-396): A design outline already exists.
ERROR: Failed to add (LW)POLYLINE
  on BOARD GEOMETRY / DESIGN_OUTLINE
  POLYLINE on line number 21714

ERROR: ERROR(SPMHDB-183): 'LINE' object may not exist on layer 'BOARD GEOMETRY/DESIGN_OUTLINE'.
ERROR: Failed to add (LW)POLYLINE
  on BOARD GEOMETRY / DESIGN_OUTLINE
  POLYLINE on line number 21786

ERROR: ERROR(SPMHDB-396): A design outline already exists.
ERROR: Failed to add (LW)POLYLINE
  on BOARD GEOMETRY / DESIGN_OUTLINE
  POLYLINE on line number 21886

ERROR: ERROR(SPMHDB-396): A design outline already exists.
ERROR: Failed to add (LW)POLYLINE
  on BOARD GEOMETRY / DESIGN_OUTLINE
  POLYLINE on line number 21958

ERROR: ERROR(SPMHDB-183): 'LINE' object may not exist on layer 'BOARD GEOMETRY/DESIGN_OUTLINE'.
ERROR: Failed to add (LW)POLYLINE
  on BOARD GEOMETRY / DESIGN_OUTLINE
  POLYLINE on line number 22030

ERROR: ERROR(SPMHDB-396): A design outline already exists.
ERROR: Failed to add (LW)POLYLINE
  on BOARD GEOMETRY / DESIGN_OUTLINE
  POLYLINE on line number 22130

ERROR: ERROR(SPMHDB-396): A design outline already exists.
ERROR: Failed to add (LW)POLYLINE
  on BOARD GEOMETRY / DESIGN_OUTLINE
  POLYLINE on line number 22202

ERROR: ERROR(SPMHDB-183): 'LINE' object may not exist on layer 'BOARD GEOMETRY/DESIGN_OUTLINE'.
ERROR: Failed to add (LW)POLYLINE
  on BOARD GEOMETRY / DESIGN_OUTLINE
  POLYLINE on line number 22274

ERROR: ERROR(SPMHDB-396): A design outline already exists.
ERROR: Failed to add (LW)POLYLINE
  on BOARD GEOMETRY / DESIGN_OUTLINE
  POLYLINE on line number 22374

ERROR: ERROR(SPMHDB-396): A design outline already exists.
ERROR: Failed to add (LW)POLYLINE
  on BOARD GEOMETRY / DESIGN_OUTLINE
  POLYLINE on line number 22446

ERROR: ERROR(SPMHDB-183): 'LINE' object may not exist on layer 'BOARD GEOMETRY/DESIGN_OUTLINE'.
ERROR: Failed to add (LW)POLYLINE
  on BOARD GEOMETRY / DESIGN_OUTLINE
  POLYLINE on line number 22518

ERROR: ERROR(SPMHDB-396): A design outline already exists.
ERROR: Failed to add (LW)POLYLINE
  on BOARD GEOMETRY / DESIGN_OUTLINE
  POLYLINE on line number 22618

ERROR: ERROR(SPMHDB-396): A design outline already exists.
ERROR: Failed to add (LW)POLYLINE
  on BOARD GEOMETRY / DESIGN_OUTLINE
  POLYLINE on line number 22690

ERROR: ERROR(SPMHDB-183): 'LINE' object may not exist on layer 'BOARD GEOMETRY/DESIGN_OUTLINE'.
ERROR: Failed to add (LW)POLYLINE
  on BOARD GEOMETRY / DESIGN_OUTLINE
  POLYLINE on line number 22762

ERROR: ERROR(SPMHDB-396): A design outline already exists.
ERROR: Failed to add (LW)POLYLINE
  on BOARD GEOMETRY / DESIGN_OUTLINE
  POLYLINE on line number 22862

ERROR: ERROR(SPMHDB-396): A design outline already exists.
ERROR: Failed to add (LW)POLYLINE
  on BOARD GEOMETRY / DESIGN_OUTLINE
  POLYLINE on line number 22934

ERROR: ERROR(SPMHDB-183): 'LINE' object may not exist on layer 'BOARD GEOMETRY/DESIGN_OUTLINE'.
ERROR: Failed to add (LW)POLYLINE
  on BOARD GEOMETRY / DESIGN_OUTLINE
  POLYLINE on line number 23006

ERROR: ERROR(SPMHDB-396): A design outline already exists.
ERROR: Failed to add (LW)POLYLINE
  on BOARD GEOMETRY / DESIGN_OUTLINE
  POLYLINE on line number 23106

ERROR: ERROR(SPMHDB-396): A design outline already exists.
ERROR: Failed to add (LW)POLYLINE
  on BOARD GEOMETRY / DESIGN_OUTLINE
  POLYLINE on line number 23178

ERROR: ERROR(SPMHDB-183): 'LINE' object may not exist on layer 'BOARD GEOMETRY/DESIGN_OUTLINE'.
ERROR: Failed to add (LW)POLYLINE
  on BOARD GEOMETRY / DESIGN_OUTLINE
  POLYLINE on line number 23250

ERROR: ERROR(SPMHDB-396): A design outline already exists.
ERROR: Failed to add (LW)POLYLINE
  on BOARD GEOMETRY / DESIGN_OUTLINE
  POLYLINE on line number 23350

ERROR: ERROR(SPMHDB-396): A design outline already exists.
ERROR: Failed to add (LW)POLYLINE
  on BOARD GEOMETRY / DESIGN_OUTLINE
  POLYLINE on line number 23422

ERROR: ERROR(SPMHDB-396): A design outline already exists.
ERROR: Failed to add (LW)POLYLINE
  on BOARD GEOMETRY / DESIGN_OUTLINE
  POLYLINE on line number 23494

ERROR: ERROR(SPMHDB-396): A design outline already exists.
ERROR: Failed to add (LW)POLYLINE
  on BOARD GEOMETRY / DESIGN_OUTLINE
  POLYLINE on line number 23566

ERROR: ERROR(SPMHDB-396): A design outline already exists.
ERROR: Failed to add (LW)POLYLINE
  on BOARD GEOMETRY / DESIGN_OUTLINE
  POLYLINE on line number 23638

ERROR: ERROR(SPMHDB-396): A design outline already exists.
ERROR: Failed to add (LW)POLYLINE
  on BOARD GEOMETRY / DESIGN_OUTLINE
  POLYLINE on line number 23710

ERROR: ERROR(SPMHDB-396): A design outline already exists.
ERROR: Failed to add (LW)POLYLINE
  on BOARD GEOMETRY / DESIGN_OUTLINE
  POLYLINE on line number 23782

ERROR: ERROR(SPMHDB-396): A design outline already exists.
ERROR: Failed to add (LW)POLYLINE
  on BOARD GEOMETRY / DESIGN_OUTLINE
  POLYLINE on line number 23854

ERROR: ERROR(SPMHDB-396): A design outline already exists.
ERROR: Failed to add (LW)POLYLINE
  on BOARD GEOMETRY / DESIGN_OUTLINE
  POLYLINE on line number 23926

ERROR: ERROR(SPMHDB-396): A design outline already exists.
ERROR: Failed to add (LW)POLYLINE
  on BOARD GEOMETRY / DESIGN_OUTLINE
  POLYLINE on line number 23998

ERROR: ERROR(SPMHDB-396): A design outline already exists.
ERROR: Failed to add (LW)POLYLINE
  on BOARD GEOMETRY / DESIGN_OUTLINE
  POLYLINE on line number 24070

ERROR: ERROR(SPMHDB-396): A design outline already exists.
ERROR: Failed to add (LW)POLYLINE
  on BOARD GEOMETRY / DESIGN_OUTLINE
  POLYLINE on line number 24142

ERROR: ERROR(SPMHDB-396): A design outline already exists.
ERROR: Failed to add (LW)POLYLINE
  on BOARD GEOMETRY / DESIGN_OUTLINE
  POLYLINE on line number 24214

ERROR: ERROR(SPMHDB-396): A design outline already exists.
ERROR: Failed to add (LW)POLYLINE
  on BOARD GEOMETRY / DESIGN_OUTLINE
  POLYLINE on line number 24286

ERROR: ERROR(SPMHDB-396): A design outline already exists.
ERROR: Failed to add (LW)POLYLINE
  on BOARD GEOMETRY / DESIGN_OUTLINE
  POLYLINE on line number 24358

ERROR: ERROR(SPMHDB-396): A design outline already exists.
ERROR: Failed to add (LW)POLYLINE
  on BOARD GEOMETRY / DESIGN_OUTLINE
  POLYLINE on line number 24430

ERROR: ERROR(SPMHDB-396): A design outline already exists.
ERROR: Failed to add (LW)POLYLINE
  on BOARD GEOMETRY / DESIGN_OUTLINE
  POLYLINE on line number 24502

ERROR: ERROR(SPMHDB-396): A design outline already exists.
ERROR: Failed to add (LW)POLYLINE
  on BOARD GEOMETRY / DESIGN_OUTLINE
  POLYLINE on line number 24574

ERROR: ERROR(SPMHDB-396): A design outline already exists.
ERROR: Failed to add (LW)POLYLINE
  on BOARD GEOMETRY / DESIGN_OUTLINE
  POLYLINE on line number 24646

ERROR: ERROR(SPMHDB-396): A design outline already exists.
ERROR: Failed to add (LW)POLYLINE
  on BOARD GEOMETRY / DESIGN_OUTLINE
  POLYLINE on line number 24718

ERROR: ERROR(SPMHDB-396): A design outline already exists.
ERROR: Failed to add (LW)POLYLINE
  on BOARD GEOMETRY / DESIGN_OUTLINE
  POLYLINE on line number 24790

ERROR: ERROR(SPMHDB-396): A design outline already exists.
ERROR: Failed to add (LW)POLYLINE
  on BOARD GEOMETRY / DESIGN_OUTLINE
  POLYLINE on line number 24862

ERROR: ERROR(SPMHDB-396): A design outline already exists.
ERROR: Failed to add (LW)POLYLINE
  on BOARD GEOMETRY / DESIGN_OUTLINE
  POLYLINE on line number 24934

ERROR: ERROR(SPMHDB-396): A design outline already exists.
ERROR: Failed to add (LW)POLYLINE
  on BOARD GEOMETRY / DESIGN_OUTLINE
  POLYLINE on line number 25006

ERROR: ERROR(SPMHDB-183): 'LINE' object may not exist on layer 'BOARD GEOMETRY/DESIGN_OUTLINE'.
ERROR: Failed to add (LW)POLYLINE
  on BOARD GEOMETRY / DESIGN_OUTLINE
  POLYLINE on line number 25078

ERROR: ERROR(SPMHDB-396): A design outline already exists.
ERROR: Failed to add (LW)POLYLINE
  on BOARD GEOMETRY / DESIGN_OUTLINE
  POLYLINE on line number 25178

ERROR: ERROR(SPMHDB-396): A design outline already exists.
ERROR: Failed to add (LW)POLYLINE
  on BOARD GEOMETRY / DESIGN_OUTLINE
  POLYLINE on line number 25236

ERROR: ERROR(SPMHDB-396): A design outline already exists.
ERROR: Failed to add (LW)POLYLINE
  on BOARD GEOMETRY / DESIGN_OUTLINE
  POLYLINE on line number 25308

ERROR: ERROR(SPMHDB-396): A design outline already exists.
ERROR: Failed to add (LW)POLYLINE
  on BOARD GEOMETRY / DESIGN_OUTLINE
  POLYLINE on line number 25380

ERROR: ERROR(SPMHDB-396): A design outline already exists.
ERROR: Failed to add (LW)POLYLINE
  on BOARD GEOMETRY / DESIGN_OUTLINE
  POLYLINE on line number 25452

ERROR: ERROR(SPMHDB-396): A design outline already exists.
ERROR: Failed to add (LW)POLYLINE
  on BOARD GEOMETRY / DESIGN_OUTLINE
  POLYLINE on line number 25524

ERROR: ERROR(SPMHDB-396): A design outline already exists.
ERROR: Failed to add (LW)POLYLINE
  on BOARD GEOMETRY / DESIGN_OUTLINE
  POLYLINE on line number 25596

ERROR: ERROR(SPMHDB-396): A design outline already exists.
ERROR: Failed to add (LW)POLYLINE
  on BOARD GEOMETRY / DESIGN_OUTLINE
  POLYLINE on line number 25668

ERROR: ERROR(SPMHDB-396): A design outline already exists.
ERROR: Failed to add (LW)POLYLINE
  on BOARD GEOMETRY / DESIGN_OUTLINE
  POLYLINE on line number 25740

ERROR: ERROR(SPMHDB-396): A design outline already exists.
ERROR: Failed to add (LW)POLYLINE
  on BOARD GEOMETRY / DESIGN_OUTLINE
  POLYLINE on line number 25812

ERROR: ERROR(SPMHDB-396): A design outline already exists.
ERROR: Failed to add (LW)POLYLINE
  on BOARD GEOMETRY / DESIGN_OUTLINE
  POLYLINE on line number 25884

ERROR: ERROR(SPMHDB-396): A design outline already exists.
ERROR: Failed to add (LW)POLYLINE
  on BOARD GEOMETRY / DESIGN_OUTLINE
  POLYLINE on line number 25956

ERROR: ERROR(SPMHDB-396): A design outline already exists.
ERROR: Failed to add (LW)POLYLINE
  on BOARD GEOMETRY / DESIGN_OUTLINE
  POLYLINE on line number 26028

ERROR: ERROR(SPMHDB-396): A design outline already exists.
ERROR: Failed to add (LW)POLYLINE
  on BOARD GEOMETRY / DESIGN_OUTLINE
  POLYLINE on line number 26100

ERROR: ERROR(SPMHDB-396): A design outline already exists.
ERROR: Failed to add (LW)POLYLINE
  on BOARD GEOMETRY / DESIGN_OUTLINE
  POLYLINE on line number 26172

ERROR: ERROR(SPMHDB-396): A design outline already exists.
ERROR: Failed to add (LW)POLYLINE
  on BOARD GEOMETRY / DESIGN_OUTLINE
  POLYLINE on line number 26244

ERROR: ERROR(SPMHDB-396): A design outline already exists.
ERROR: Failed to add (LW)POLYLINE
  on BOARD GEOMETRY / DESIGN_OUTLINE
  POLYLINE on line number 26316

ERROR: ERROR(SPMHDB-396): A design outline already exists.
ERROR: Failed to add (LW)POLYLINE
  on BOARD GEOMETRY / DESIGN_OUTLINE
  POLYLINE on line number 26388

ERROR: ERROR(SPMHDB-396): A design outline already exists.
ERROR: Failed to add (LW)POLYLINE
  on BOARD GEOMETRY / DESIGN_OUTLINE
  POLYLINE on line number 26460

ERROR: ERROR(SPMHDB-396): A design outline already exists.
ERROR: Failed to add (LW)POLYLINE
  on BOARD GEOMETRY / DESIGN_OUTLINE
  POLYLINE on line number 26532

ERROR: ERROR(SPMHDB-396): A design outline already exists.
ERROR: Failed to add (LW)POLYLINE
  on BOARD GEOMETRY / DESIGN_OUTLINE
  POLYLINE on line number 26604

ERROR: ERROR(SPMHDB-396): A design outline already exists.
ERROR: Failed to add (LW)POLYLINE
  on BOARD GEOMETRY / DESIGN_OUTLINE
  POLYLINE on line number 26676

ERROR: ERROR(SPMHDB-396): A design outline already exists.
ERROR: Failed to add (LW)POLYLINE
  on BOARD GEOMETRY / DESIGN_OUTLINE
  POLYLINE on line number 26748

ERROR: ERROR(SPMHDB-396): A design outline already exists.
ERROR: Failed to add (LW)POLYLINE
  on BOARD GEOMETRY / DESIGN_OUTLINE
  POLYLINE on line number 26820

ERROR: ERROR(SPMHDB-396): A design outline already exists.
ERROR: Failed to add (LW)POLYLINE
  on BOARD GEOMETRY / DESIGN_OUTLINE
  POLYLINE on line number 26892

ERROR: ERROR(SPMHDB-183): 'LINE' object may not exist on layer 'BOARD GEOMETRY/DESIGN_OUTLINE'.
ERROR: Failed to add (LW)POLYLINE
  on BOARD GEOMETRY / DESIGN_OUTLINE
  POLYLINE on line number 26964

ERROR: ERROR(SPMHDB-396): A design outline already exists.
ERROR: Failed to add (LW)POLYLINE
  on BOARD GEOMETRY / DESIGN_OUTLINE
  POLYLINE on line number 27064

ERROR: ERROR(SPMHDB-396): A design outline already exists.
ERROR: Failed to add (LW)POLYLINE
  on BOARD GEOMETRY / DESIGN_OUTLINE
  POLYLINE on line number 27122

ERROR: ERROR(SPMHDB-396): A design outline already exists.
ERROR: Failed to add (LW)POLYLINE
  on BOARD GEOMETRY / DESIGN_OUTLINE
  POLYLINE on line number 27194

ERROR: ERROR(SPMHDB-396): A design outline already exists.
ERROR: Failed to add (LW)POLYLINE
  on BOARD GEOMETRY / DESIGN_OUTLINE
  POLYLINE on line number 27266

ERROR: ERROR(SPMHDB-396): A design outline already exists.
ERROR: Failed to add (LW)POLYLINE
  on BOARD GEOMETRY / DESIGN_OUTLINE
  POLYLINE on line number 27338

ERROR: ERROR(SPMHDB-396): A design outline already exists.
ERROR: Failed to add (LW)POLYLINE
  on BOARD GEOMETRY / DESIGN_OUTLINE
  POLYLINE on line number 27410

ERROR: ERROR(SPMHDB-396): A design outline already exists.
ERROR: Failed to add (LW)POLYLINE
  on BOARD GEOMETRY / DESIGN_OUTLINE
  POLYLINE on line number 27482

ERROR: ERROR(SPMHDB-396): A design outline already exists.
ERROR: Failed to add (LW)POLYLINE
  on BOARD GEOMETRY / DESIGN_OUTLINE
  POLYLINE on line number 27554

ERROR: ERROR(SPMHDB-396): A design outline already exists.
ERROR: Failed to add (LW)POLYLINE
  on BOARD GEOMETRY / DESIGN_OUTLINE
  POLYLINE on line number 27626

ERROR: ERROR(SPMHDB-396): A design outline already exists.
ERROR: Failed to add (LW)POLYLINE
  on BOARD GEOMETRY / DESIGN_OUTLINE
  POLYLINE on line number 27698

ERROR: ERROR(SPMHDB-396): A design outline already exists.
ERROR: Failed to add (LW)POLYLINE
  on BOARD GEOMETRY / DESIGN_OUTLINE
  POLYLINE on line number 27770

ERROR: ERROR(SPMHDB-396): A design outline already exists.
ERROR: Failed to add (LW)POLYLINE
  on BOARD GEOMETRY / DESIGN_OUTLINE
  POLYLINE on line number 27842

ERROR: ERROR(SPMHDB-183): 'LINE' object may not exist on layer 'BOARD GEOMETRY/DESIGN_OUTLINE'.
ERROR: Failed to add (LW)POLYLINE
  on BOARD GEOMETRY / DESIGN_OUTLINE
  POLYLINE on line number 27914

ERROR: ERROR(SPMHDB-396): A design outline already exists.
ERROR: Failed to add (LW)POLYLINE
  on BOARD GEOMETRY / DESIGN_OUTLINE
  POLYLINE on line number 28014

ERROR: ERROR(SPMHDB-396): A design outline already exists.
ERROR: Failed to add (LW)POLYLINE
  on BOARD GEOMETRY / DESIGN_OUTLINE
  POLYLINE on line number 28072

ERROR: ERROR(SPMHDB-396): A design outline already exists.
ERROR: Failed to add (LW)POLYLINE
  on BOARD GEOMETRY / DESIGN_OUTLINE
  POLYLINE on line number 28144

ERROR: ERROR(SPMHDB-396): A design outline already exists.
ERROR: Failed to add (LW)POLYLINE
  on BOARD GEOMETRY / DESIGN_OUTLINE
  POLYLINE on line number 28216

ERROR: ERROR(SPMHDB-396): A design outline already exists.
ERROR: Failed to add (LW)POLYLINE
  on BOARD GEOMETRY / DESIGN_OUTLINE
  POLYLINE on line number 28288

ERROR: ERROR(SPMHDB-396): A design outline already exists.
ERROR: Failed to add (LW)POLYLINE
  on BOARD GEOMETRY / DESIGN_OUTLINE
  POLYLINE on line number 28360

ERROR: ERROR(SPMHDB-396): A design outline already exists.
ERROR: Failed to add (LW)POLYLINE
  on BOARD GEOMETRY / DESIGN_OUTLINE
  POLYLINE on line number 28432

ERROR: ERROR(SPMHDB-396): A design outline already exists.
ERROR: Failed to add (LW)POLYLINE
  on BOARD GEOMETRY / DESIGN_OUTLINE
  POLYLINE on line number 28504

ERROR: ERROR(SPMHDB-396): A design outline already exists.
ERROR: Failed to add (LW)POLYLINE
  on BOARD GEOMETRY / DESIGN_OUTLINE
  POLYLINE on line number 28576

ERROR: ERROR(SPMHDB-396): A design outline already exists.
ERROR: Failed to add (LW)POLYLINE
  on BOARD GEOMETRY / DESIGN_OUTLINE
  POLYLINE on line number 28648

ERROR: ERROR(SPMHDB-396): A design outline already exists.
ERROR: Failed to add (LW)POLYLINE
  on BOARD GEOMETRY / DESIGN_OUTLINE
  POLYLINE on line number 28720

ERROR: ERROR(SPMHDB-396): A design outline already exists.
ERROR: Failed to add (LW)POLYLINE
  on BOARD GEOMETRY / DESIGN_OUTLINE
  POLYLINE on line number 28792

ERROR: ERROR(SPMHDB-183): 'LINE' object may not exist on layer 'BOARD GEOMETRY/DESIGN_OUTLINE'.
ERROR: Failed to add (LW)POLYLINE
  on BOARD GEOMETRY / DESIGN_OUTLINE
  POLYLINE on line number 28864

ERROR: ERROR(SPMHDB-396): A design outline already exists.
ERROR: Failed to add (LW)POLYLINE
  on BOARD GEOMETRY / DESIGN_OUTLINE
  POLYLINE on line number 28964

ERROR: ERROR(SPMHDB-396): A design outline already exists.
ERROR: Failed to add (LW)POLYLINE
  on BOARD GEOMETRY / DESIGN_OUTLINE
  POLYLINE on line number 29022

ERROR: ERROR(SPMHDB-396): A design outline already exists.
ERROR: Failed to add (LW)POLYLINE
  on BOARD GEOMETRY / DESIGN_OUTLINE
  POLYLINE on line number 29094

ERROR: ERROR(SPMHDB-396): A design outline already exists.
ERROR: Failed to add (LW)POLYLINE
  on BOARD GEOMETRY / DESIGN_OUTLINE
  POLYLINE on line number 29166

ERROR: ERROR(SPMHDB-396): A design outline already exists.
ERROR: Failed to add (LW)POLYLINE
  on BOARD GEOMETRY / DESIGN_OUTLINE
  POLYLINE on line number 29238

ERROR: ERROR(SPMHDB-396): A design outline already exists.
ERROR: Failed to add (LW)POLYLINE
  on BOARD GEOMETRY / DESIGN_OUTLINE
  POLYLINE on line number 29310

ERROR: ERROR(SPMHDB-396): A design outline already exists.
ERROR: Failed to add (LW)POLYLINE
  on BOARD GEOMETRY / DESIGN_OUTLINE
  POLYLINE on line number 29382

ERROR: ERROR(SPMHDB-396): A design outline already exists.
ERROR: Failed to add (LW)POLYLINE
  on BOARD GEOMETRY / DESIGN_OUTLINE
  POLYLINE on line number 29454

ERROR: ERROR(SPMHDB-396): A design outline already exists.
ERROR: Failed to add (LW)POLYLINE
  on BOARD GEOMETRY / DESIGN_OUTLINE
  POLYLINE on line number 29526

ERROR: ERROR(SPMHDB-396): A design outline already exists.
ERROR: Failed to add (LW)POLYLINE
  on BOARD GEOMETRY / DESIGN_OUTLINE
  POLYLINE on line number 29598

ERROR: ERROR(SPMHDB-183): 'LINE' object may not exist on layer 'BOARD GEOMETRY/DESIGN_OUTLINE'.
ERROR: Failed to add (LW)POLYLINE
  on BOARD GEOMETRY / DESIGN_OUTLINE
  POLYLINE on line number 29670

ERROR: ERROR(SPMHDB-396): A design outline already exists.
ERROR: Failed to add (LW)POLYLINE
  on BOARD GEOMETRY / DESIGN_OUTLINE
  POLYLINE on line number 29770

ERROR: ERROR(SPMHDB-396): A design outline already exists.
ERROR: Failed to add (LW)POLYLINE
  on BOARD GEOMETRY / DESIGN_OUTLINE
  POLYLINE on line number 29842

ERROR: ERROR(SPMHDB-396): A design outline already exists.
ERROR: Failed to add (LW)POLYLINE
  on BOARD GEOMETRY / DESIGN_OUTLINE
  POLYLINE on line number 29914

ERROR: ERROR(SPMHDB-396): A design outline already exists.
ERROR: Failed to add (LW)POLYLINE
  on BOARD GEOMETRY / DESIGN_OUTLINE
  POLYLINE on line number 29986

ERROR: ERROR(SPMHDB-396): A design outline already exists.
ERROR: Failed to add (LW)POLYLINE
  on BOARD GEOMETRY / DESIGN_OUTLINE
  POLYLINE on line number 30058

ERROR: ERROR(SPMHDB-396): A design outline already exists.
ERROR: Failed to add (LW)POLYLINE
  on BOARD GEOMETRY / DESIGN_OUTLINE
  POLYLINE on line number 30130

ERROR: ERROR(SPMHDB-396): A design outline already exists.
ERROR: Failed to add (LW)POLYLINE
  on BOARD GEOMETRY / DESIGN_OUTLINE
  POLYLINE on line number 30202

ERROR: ERROR(SPMHDB-396): A design outline already exists.
ERROR: Failed to add (LW)POLYLINE
  on BOARD GEOMETRY / DESIGN_OUTLINE
  POLYLINE on line number 30274

ERROR: ERROR(SPMHDB-396): A design outline already exists.
ERROR: Failed to add (LW)POLYLINE
  on BOARD GEOMETRY / DESIGN_OUTLINE
  POLYLINE on line number 30346

ERROR: ERROR(SPMHDB-183): 'LINE' object may not exist on layer 'BOARD GEOMETRY/DESIGN_OUTLINE'.
ERROR: Failed to add (LW)POLYLINE
  on BOARD GEOMETRY / DESIGN_OUTLINE
  POLYLINE on line number 30418

ERROR: ERROR(SPMHDB-396): A design outline already exists.
ERROR: Failed to add (LW)POLYLINE
  on BOARD GEOMETRY / DESIGN_OUTLINE
  POLYLINE on line number 30518

ERROR: ERROR(SPMHDB-396): A design outline already exists.
ERROR: Failed to add (LW)POLYLINE
  on BOARD GEOMETRY / DESIGN_OUTLINE
  POLYLINE on line number 30604

ERROR: ERROR(SPMHDB-396): A design outline already exists.
ERROR: Failed to add (LW)POLYLINE
  on BOARD GEOMETRY / DESIGN_OUTLINE
  POLYLINE on line number 30676

ERROR: ERROR(SPMHDB-396): A design outline already exists.
ERROR: Failed to add (LW)POLYLINE
  on BOARD GEOMETRY / DESIGN_OUTLINE
  POLYLINE on line number 30748

ERROR: ERROR(SPMHDB-396): A design outline already exists.
ERROR: Failed to add (LW)POLYLINE
  on BOARD GEOMETRY / DESIGN_OUTLINE
  POLYLINE on line number 30820

ERROR: ERROR(SPMHDB-396): A design outline already exists.
ERROR: Failed to add (LW)POLYLINE
  on BOARD GEOMETRY / DESIGN_OUTLINE
  POLYLINE on line number 30892

ERROR: ERROR(SPMHDB-396): A design outline already exists.
ERROR: Failed to add (LW)POLYLINE
  on BOARD GEOMETRY / DESIGN_OUTLINE
  POLYLINE on line number 30964

ERROR: ERROR(SPMHDB-396): A design outline already exists.
ERROR: Failed to add (LW)POLYLINE
  on BOARD GEOMETRY / DESIGN_OUTLINE
  POLYLINE on line number 31036

ERROR: ERROR(SPMHDB-396): A design outline already exists.
ERROR: Failed to add (LW)POLYLINE
  on BOARD GEOMETRY / DESIGN_OUTLINE
  POLYLINE on line number 31108

ERROR: ERROR(SPMHDB-183): 'LINE' object may not exist on layer 'BOARD GEOMETRY/DESIGN_OUTLINE'.
ERROR: Failed to add (LW)POLYLINE
  on BOARD GEOMETRY / DESIGN_OUTLINE
  POLYLINE on line number 31180

ERROR: ERROR(SPMHDB-396): A design outline already exists.
ERROR: Failed to add (LW)POLYLINE
  on BOARD GEOMETRY / DESIGN_OUTLINE
  POLYLINE on line number 31280

ERROR: ERROR(SPMHDB-396): A design outline already exists.
ERROR: Failed to add (LW)POLYLINE
  on BOARD GEOMETRY / DESIGN_OUTLINE
  POLYLINE on line number 31366

ERROR: ERROR(SPMHDB-396): A design outline already exists.
ERROR: Failed to add (LW)POLYLINE
  on BOARD GEOMETRY / DESIGN_OUTLINE
  POLYLINE on line number 31438

ERROR: ERROR(SPMHDB-183): 'LINE' object may not exist on layer 'BOARD GEOMETRY/DESIGN_OUTLINE'.
ERROR: Failed to add (LW)POLYLINE
  on BOARD GEOMETRY / DESIGN_OUTLINE
  POLYLINE on line number 31510

ERROR: ERROR(SPMHDB-183): 'LINE' object may not exist on layer 'BOARD GEOMETRY/DESIGN_OUTLINE'.
ERROR: Failed to add (LW)POLYLINE
  on BOARD GEOMETRY / DESIGN_OUTLINE
  POLYLINE on line number 31610

ERROR: ERROR(SPMHDB-183): 'LINE' object may not exist on layer 'BOARD GEOMETRY/DESIGN_OUTLINE'.
ERROR: Failed to add (LW)POLYLINE
  on BOARD GEOMETRY / DESIGN_OUTLINE
  POLYLINE on line number 31654

ERROR: ERROR(SPMHDB-183): 'LINE' object may not exist on layer 'BOARD GEOMETRY/DESIGN_OUTLINE'.
ERROR: Failed to add (LW)POLYLINE
  on BOARD GEOMETRY / DESIGN_OUTLINE
  POLYLINE on line number 31698

ERROR: ERROR(SPMHDB-183): 'LINE' object may not exist on layer 'BOARD GEOMETRY/DESIGN_OUTLINE'.
ERROR: Failed to add (LW)POLYLINE
  on BOARD GEOMETRY / DESIGN_OUTLINE
  POLYLINE on line number 31742

ERROR: ERROR(SPMHDB-396): A design outline already exists.
ERROR: Failed to add (LW)POLYLINE
  on BOARD GEOMETRY / DESIGN_OUTLINE
  POLYLINE on line number 31786

ERROR: ERROR(SPMHDB-396): A design outline already exists.
ERROR: Failed to add (LW)POLYLINE
  on BOARD GEOMETRY / DESIGN_OUTLINE
  POLYLINE on line number 31858

ERROR: ERROR(SPMHDB-183): 'LINE' object may not exist on layer 'BOARD GEOMETRY/DESIGN_OUTLINE'.
ERROR: Failed to add (LW)POLYLINE
  on BOARD GEOMETRY / DESIGN_OUTLINE
  POLYLINE on line number 31930

ERROR: ERROR(SPMHDB-183): 'LINE' object may not exist on layer 'BOARD GEOMETRY/DESIGN_OUTLINE'.
ERROR: Failed to add (LW)POLYLINE
  on BOARD GEOMETRY / DESIGN_OUTLINE
  POLYLINE on line number 32030

ERROR: ERROR(SPMHDB-183): 'LINE' object may not exist on layer 'BOARD GEOMETRY/DESIGN_OUTLINE'.
ERROR: Failed to add (LW)POLYLINE
  on BOARD GEOMETRY / DESIGN_OUTLINE
  POLYLINE on line number 32074

ERROR: ERROR(SPMHDB-183): 'LINE' object may not exist on layer 'BOARD GEOMETRY/DESIGN_OUTLINE'.
ERROR: Failed to add (LW)POLYLINE
  on BOARD GEOMETRY / DESIGN_OUTLINE
  POLYLINE on line number 32118

ERROR: ERROR(SPMHDB-183): 'LINE' object may not exist on layer 'BOARD GEOMETRY/DESIGN_OUTLINE'.
ERROR: Failed to add (LW)POLYLINE
  on BOARD GEOMETRY / DESIGN_OUTLINE
  POLYLINE on line number 32162

ERROR: ERROR(SPMHDB-396): A design outline already exists.
ERROR: Failed to add (LW)POLYLINE
  on BOARD GEOMETRY / DESIGN_OUTLINE
  POLYLINE on line number 32206

ERROR: ERROR(SPMHDB-396): A design outline already exists.
ERROR: Failed to add (LW)POLYLINE
  on BOARD GEOMETRY / DESIGN_OUTLINE
  POLYLINE on line number 32278

ERROR: ERROR(SPMHDB-183): 'LINE' object may not exist on layer 'BOARD GEOMETRY/DESIGN_OUTLINE'.
ERROR: Failed to add (LW)POLYLINE
  on BOARD GEOMETRY / DESIGN_OUTLINE
  POLYLINE on line number 32350

ERROR: ERROR(SPMHDB-396): A design outline already exists.
ERROR: Failed to add (LW)POLYLINE
  on BOARD GEOMETRY / DESIGN_OUTLINE
  POLYLINE on line number 32450

ERROR: ERROR(SPMHDB-396): A design outline already exists.
ERROR: Failed to add (LW)POLYLINE
  on BOARD GEOMETRY / DESIGN_OUTLINE
  POLYLINE on line number 32522

ERROR: ERROR(SPMHDB-183): 'LINE' object may not exist on layer 'BOARD GEOMETRY/DESIGN_OUTLINE'.
ERROR: Failed to add (LW)POLYLINE
  on BOARD GEOMETRY / DESIGN_OUTLINE
  POLYLINE on line number 32594

ERROR: ERROR(SPMHDB-396): A design outline already exists.
ERROR: Failed to add (LW)POLYLINE
  on BOARD GEOMETRY / DESIGN_OUTLINE
  POLYLINE on line number 32694

ERROR: ERROR(SPMHDB-396): A design outline already exists.
ERROR: Failed to add (LW)POLYLINE
  on BOARD GEOMETRY / DESIGN_OUTLINE
  POLYLINE on line number 32766

ERROR: ERROR(SPMHDB-183): 'LINE' object may not exist on layer 'BOARD GEOMETRY/DESIGN_OUTLINE'.
ERROR: Failed to add (LW)POLYLINE
  on BOARD GEOMETRY / DESIGN_OUTLINE
  POLYLINE on line number 32838

ERROR: ERROR(SPMHDB-396): A design outline already exists.
ERROR: Failed to add (LW)POLYLINE
  on BOARD GEOMETRY / DESIGN_OUTLINE
  POLYLINE on line number 32938

ERROR: ERROR(SPMHDB-396): A design outline already exists.
ERROR: Failed to add (LW)POLYLINE
  on BOARD GEOMETRY / DESIGN_OUTLINE
  POLYLINE on line number 33010

ERROR: ERROR(SPMHDB-183): 'LINE' object may not exist on layer 'BOARD GEOMETRY/DESIGN_OUTLINE'.
ERROR: Failed to add (LW)POLYLINE
  on BOARD GEOMETRY / DESIGN_OUTLINE
  POLYLINE on line number 33082

ERROR: ERROR(SPMHDB-396): A design outline already exists.
ERROR: Failed to add (LW)POLYLINE
  on BOARD GEOMETRY / DESIGN_OUTLINE
  POLYLINE on line number 33182

ERROR: ERROR(SPMHDB-396): A design outline already exists.
ERROR: Failed to add (LW)POLYLINE
  on BOARD GEOMETRY / DESIGN_OUTLINE
  POLYLINE on line number 33254

ERROR: ERROR(SPMHDB-183): 'LINE' object may not exist on layer 'BOARD GEOMETRY/DESIGN_OUTLINE'.
ERROR: Failed to add (LW)POLYLINE
  on BOARD GEOMETRY / DESIGN_OUTLINE
  POLYLINE on line number 33326

ERROR: ERROR(SPMHDB-396): A design outline already exists.
ERROR: Failed to add (LW)POLYLINE
  on BOARD GEOMETRY / DESIGN_OUTLINE
  POLYLINE on line number 33426

ERROR: ERROR(SPMHDB-396): A design outline already exists.
ERROR: Failed to add (LW)POLYLINE
  on BOARD GEOMETRY / DESIGN_OUTLINE
  POLYLINE on line number 33498

ERROR: ERROR(SPMHDB-183): 'LINE' object may not exist on layer 'BOARD GEOMETRY/DESIGN_OUTLINE'.
ERROR: Failed to add (LW)POLYLINE
  on BOARD GEOMETRY / DESIGN_OUTLINE
  POLYLINE on line number 33570

ERROR: ERROR(SPMHDB-183): 'LINE' object may not exist on layer 'BOARD GEOMETRY/DESIGN_OUTLINE'.
ERROR: Failed to add (LW)POLYLINE
  on BOARD GEOMETRY / DESIGN_OUTLINE
  POLYLINE on line number 33670

ERROR: ERROR(SPMHDB-183): 'LINE' object may not exist on layer 'BOARD GEOMETRY/DESIGN_OUTLINE'.
ERROR: Failed to add (LW)POLYLINE
  on BOARD GEOMETRY / DESIGN_OUTLINE
  POLYLINE on line number 33714

ERROR: ERROR(SPMHDB-183): 'LINE' object may not exist on layer 'BOARD GEOMETRY/DESIGN_OUTLINE'.
ERROR: Failed to add (LW)POLYLINE
  on BOARD GEOMETRY / DESIGN_OUTLINE
  POLYLINE on line number 33758

ERROR: ERROR(SPMHDB-183): 'LINE' object may not exist on layer 'BOARD GEOMETRY/DESIGN_OUTLINE'.
ERROR: Failed to add (LW)POLYLINE
  on BOARD GEOMETRY / DESIGN_OUTLINE
  POLYLINE on line number 33802

ERROR: ERROR(SPMHDB-183): 'LINE' object may not exist on layer 'BOARD GEOMETRY/DESIGN_OUTLINE'.
ERROR: Failed to add (LW)POLYLINE
  on BOARD GEOMETRY / DESIGN_OUTLINE
  POLYLINE on line number 33846

ERROR: ERROR(SPMHDB-396): A design outline already exists.
ERROR: Failed to add (LW)POLYLINE
  on BOARD GEOMETRY / DESIGN_OUTLINE
  POLYLINE on line number 33890

ERROR: ERROR(SPMHDB-396): A design outline already exists.
ERROR: Failed to add (LW)POLYLINE
  on BOARD GEOMETRY / DESIGN_OUTLINE
  POLYLINE on line number 33962

ERROR: ERROR(SPMHDB-183): 'LINE' object may not exist on layer 'BOARD GEOMETRY/DESIGN_OUTLINE'.
ERROR: Failed to add (LW)POLYLINE
  on BOARD GEOMETRY / DESIGN_OUTLINE
  POLYLINE on line number 34034

ERROR: ERROR(SPMHDB-183): 'LINE' object may not exist on layer 'BOARD GEOMETRY/DESIGN_OUTLINE'.
ERROR: Failed to add (LW)POLYLINE
  on BOARD GEOMETRY / DESIGN_OUTLINE
  POLYLINE on line number 34092

ERROR: ERROR(SPMHDB-183): 'LINE' object may not exist on layer 'BOARD GEOMETRY/DESIGN_OUTLINE'.
ERROR: Failed to add (LW)POLYLINE
  on BOARD GEOMETRY / DESIGN_OUTLINE
  POLYLINE on line number 34164

ERROR: ERROR(SPMHDB-396): A design outline already exists.
ERROR: Failed to add (LW)POLYLINE
  on BOARD GEOMETRY / DESIGN_OUTLINE
  POLYLINE on line number 34236

ERROR: ERROR(SPMHDB-396): A design outline already exists.
ERROR: Failed to add (LW)POLYLINE
  on BOARD GEOMETRY / DESIGN_OUTLINE
  POLYLINE on line number 34308

ERROR: ERROR(SPMHDB-183): 'LINE' object may not exist on layer 'BOARD GEOMETRY/DESIGN_OUTLINE'.
ERROR: Failed to add (LW)POLYLINE
  on BOARD GEOMETRY / DESIGN_OUTLINE
  POLYLINE on line number 34380

ERROR: ERROR(SPMHDB-183): 'LINE' object may not exist on layer 'BOARD GEOMETRY/DESIGN_OUTLINE'.
ERROR: Failed to add (LW)POLYLINE
  on BOARD GEOMETRY / DESIGN_OUTLINE
  POLYLINE on line number 34438

ERROR: ERROR(SPMHDB-183): 'LINE' object may not exist on layer 'BOARD GEOMETRY/DESIGN_OUTLINE'.
ERROR: Failed to add (LW)POLYLINE
  on BOARD GEOMETRY / DESIGN_OUTLINE
  POLYLINE on line number 34510

ERROR: ERROR(SPMHDB-396): A design outline already exists.
ERROR: Failed to add (LW)POLYLINE
  on BOARD GEOMETRY / DESIGN_OUTLINE
  POLYLINE on line number 34582

ERROR: ERROR(SPMHDB-396): A design outline already exists.
ERROR: Failed to add (LW)POLYLINE
  on BOARD GEOMETRY / DESIGN_OUTLINE
  POLYLINE on line number 34654

ERROR: ERROR(SPMHDB-183): 'LINE' object may not exist on layer 'BOARD GEOMETRY/DESIGN_OUTLINE'.
ERROR: Failed to add (LW)POLYLINE
  on BOARD GEOMETRY / DESIGN_OUTLINE
  POLYLINE on line number 34726

ERROR: ERROR(SPMHDB-396): A design outline already exists.
ERROR: Failed to add (LW)POLYLINE
  on BOARD GEOMETRY / DESIGN_OUTLINE
  POLYLINE on line number 34826

ERROR: ERROR(SPMHDB-396): A design outline already exists.
ERROR: Failed to add (LW)POLYLINE
  on BOARD GEOMETRY / DESIGN_OUTLINE
  POLYLINE on line number 34898

ERROR: ERROR(SPMHDB-183): 'LINE' object may not exist on layer 'BOARD GEOMETRY/DESIGN_OUTLINE'.
ERROR: Failed to add (LW)POLYLINE
  on BOARD GEOMETRY / DESIGN_OUTLINE
  POLYLINE on line number 34970

ERROR: ERROR(SPMHDB-396): A design outline already exists.
ERROR: Failed to add (LW)POLYLINE
  on BOARD GEOMETRY / DESIGN_OUTLINE
  POLYLINE on line number 35070

ERROR: ERROR(SPMHDB-396): A design outline already exists.
ERROR: Failed to add (LW)POLYLINE
  on BOARD GEOMETRY / DESIGN_OUTLINE
  POLYLINE on line number 35142

ERROR: ERROR(SPMHDB-183): 'LINE' object may not exist on layer 'BOARD GEOMETRY/DESIGN_OUTLINE'.
ERROR: Failed to add (LW)POLYLINE
  on BOARD GEOMETRY / DESIGN_OUTLINE
  POLYLINE on line number 35214

ERROR: ERROR(SPMHDB-396): A design outline already exists.
ERROR: Failed to add (LW)POLYLINE
  on BOARD GEOMETRY / DESIGN_OUTLINE
  POLYLINE on line number 35314

ERROR: ERROR(SPMHDB-396): A design outline already exists.
ERROR: Failed to add (LW)POLYLINE
  on BOARD GEOMETRY / DESIGN_OUTLINE
  POLYLINE on line number 35386

ERROR: ERROR(SPMHDB-183): 'LINE' object may not exist on layer 'BOARD GEOMETRY/DESIGN_OUTLINE'.
ERROR: Failed to add (LW)POLYLINE
  on BOARD GEOMETRY / DESIGN_OUTLINE
  POLYLINE on line number 35458

ERROR: ERROR(SPMHDB-396): A design outline already exists.
ERROR: Failed to add (LW)POLYLINE
  on BOARD GEOMETRY / DESIGN_OUTLINE
  POLYLINE on line number 35558

ERROR: ERROR(SPMHDB-396): A design outline already exists.
ERROR: Failed to add (LW)POLYLINE
  on BOARD GEOMETRY / DESIGN_OUTLINE
  POLYLINE on line number 35630

ERROR: ERROR(SPMHDB-183): 'LINE' object may not exist on layer 'BOARD GEOMETRY/DESIGN_OUTLINE'.
ERROR: Failed to add (LW)POLYLINE
  on BOARD GEOMETRY / DESIGN_OUTLINE
  POLYLINE on line number 35702

ERROR: ERROR(SPMHDB-396): A design outline already exists.
ERROR: Failed to add (LW)POLYLINE
  on BOARD GEOMETRY / DESIGN_OUTLINE
  POLYLINE on line number 35802

ERROR: ERROR(SPMHDB-396): A design outline already exists.
ERROR: Failed to add (LW)POLYLINE
  on BOARD GEOMETRY / DESIGN_OUTLINE
  POLYLINE on line number 35874

ERROR: ERROR(SPMHDB-183): 'LINE' object may not exist on layer 'BOARD GEOMETRY/DESIGN_OUTLINE'.
ERROR: Failed to add (LW)POLYLINE
  on BOARD GEOMETRY / DESIGN_OUTLINE
  POLYLINE on line number 35946

ERROR: ERROR(SPMHDB-396): A design outline already exists.
ERROR: Failed to add (LW)POLYLINE
  on BOARD GEOMETRY / DESIGN_OUTLINE
  POLYLINE on line number 36046

ERROR: ERROR(SPMHDB-396): A design outline already exists.
ERROR: Failed to add (LW)POLYLINE
  on BOARD GEOMETRY / DESIGN_OUTLINE
  POLYLINE on line number 36118

ERROR: ERROR(SPMHDB-183): 'LINE' object may not exist on layer 'BOARD GEOMETRY/DESIGN_OUTLINE'.
ERROR: Failed to add (LW)POLYLINE
  on BOARD GEOMETRY / DESIGN_OUTLINE
  POLYLINE on line number 36190

ERROR: ERROR(SPMHDB-183): 'LINE' object may not exist on layer 'BOARD GEOMETRY/DESIGN_OUTLINE'.
ERROR: Failed to add CIRCLE on line number 36290

ERROR: ERROR(SPMHDB-183): 'LINE' object may not exist on layer 'BOARD GEOMETRY/DESIGN_OUTLINE'.
ERROR: Failed to add CIRCLE on line number 36300

ERROR: ERROR(SPMHDB-183): 'LINE' object may not exist on layer 'BOARD GEOMETRY/DESIGN_OUTLINE'.
ERROR: Failed to add CIRCLE on line number 36310

ERROR: ERROR(SPMHDB-183): 'LINE' object may not exist on layer 'BOARD GEOMETRY/DESIGN_OUTLINE'.
ERROR: Failed to add CIRCLE on line number 36320

ERROR: ERROR(SPMHDB-183): 'LINE' object may not exist on layer 'BOARD GEOMETRY/DESIGN_OUTLINE'.
ERROR: Failed to add CIRCLE on line number 36330

ERROR: ERROR(SPMHDB-183): 'LINE' object may not exist on layer 'BOARD GEOMETRY/DESIGN_OUTLINE'.
ERROR: Failed to add CIRCLE on line number 36340

ERROR: ERROR(SPMHDB-183): 'LINE' object may not exist on layer 'BOARD GEOMETRY/DESIGN_OUTLINE'.
ERROR: Failed to add CIRCLE on line number 36350

ERROR: ERROR(SPMHDB-183): 'LINE' object may not exist on layer 'BOARD GEOMETRY/DESIGN_OUTLINE'.
ERROR: Failed to add CIRCLE on line number 36360

ERROR: ERROR(SPMHDB-183): 'LINE' object may not exist on layer 'BOARD GEOMETRY/DESIGN_OUTLINE'.
ERROR: Failed to add CIRCLE on line number 36370

ERROR: ERROR(SPMHDB-183): 'LINE' object may not exist on layer 'BOARD GEOMETRY/DESIGN_OUTLINE'.
ERROR: Failed to add CIRCLE on line number 36380

ERROR: ERROR(SPMHDB-183): 'LINE' object may not exist on layer 'BOARD GEOMETRY/DESIGN_OUTLINE'.
ERROR: Failed to add CIRCLE on line number 36390

ERROR: ERROR(SPMHDB-183): 'LINE' object may not exist on layer 'BOARD GEOMETRY/DESIGN_OUTLINE'.
ERROR: Failed to add CIRCLE on line number 36400

ERROR: ERROR(SPMHDB-183): 'LINE' object may not exist on layer 'BOARD GEOMETRY/DESIGN_OUTLINE'.
ERROR: Failed to add CIRCLE on line number 36410

ERROR: ERROR(SPMHDB-183): 'LINE' object may not exist on layer 'BOARD GEOMETRY/DESIGN_OUTLINE'.
ERROR: Failed to add CIRCLE on line number 36420

ERROR: ERROR(SPMHDB-183): 'LINE' object may not exist on layer 'BOARD GEOMETRY/DESIGN_OUTLINE'.
ERROR: Failed to add CIRCLE on line number 36430

ERROR: ERROR(SPMHDB-183): 'LINE' object may not exist on layer 'BOARD GEOMETRY/DESIGN_OUTLINE'.
ERROR: Failed to add CIRCLE on line number 36440

ERROR: ERROR(SPMHDB-183): 'LINE' object may not exist on layer 'BOARD GEOMETRY/DESIGN_OUTLINE'.
ERROR: Failed to add CIRCLE on line number 36450

ERROR: ERROR(SPMHDB-183): 'LINE' object may not exist on layer 'BOARD GEOMETRY/DESIGN_OUTLINE'.
ERROR: Failed to add CIRCLE on line number 36460

ERROR: ERROR(SPMHDB-183): 'LINE' object may not exist on layer 'BOARD GEOMETRY/DESIGN_OUTLINE'.
ERROR: Failed to add CIRCLE on line number 36470

ERROR: ERROR(SPMHDB-183): 'LINE' object may not exist on layer 'BOARD GEOMETRY/DESIGN_OUTLINE'.
ERROR: Failed to add CIRCLE on line number 36480

ERROR: ERROR(SPMHDB-183): 'LINE' object may not exist on layer 'BOARD GEOMETRY/DESIGN_OUTLINE'.
ERROR: Failed to add CIRCLE on line number 36490

ERROR: ERROR(SPMHDB-183): 'LINE' object may not exist on layer 'BOARD GEOMETRY/DESIGN_OUTLINE'.
ERROR: Failed to add CIRCLE on line number 36500

ERROR: ERROR(SPMHDB-183): 'LINE' object may not exist on layer 'BOARD GEOMETRY/DESIGN_OUTLINE'.
ERROR: Failed to add CIRCLE on line number 36510

ERROR: ERROR(SPMHDB-183): 'LINE' object may not exist on layer 'BOARD GEOMETRY/DESIGN_OUTLINE'.
ERROR: Failed to add CIRCLE on line number 36520

ERROR: ERROR(SPMHDB-183): 'LINE' object may not exist on layer 'BOARD GEOMETRY/DESIGN_OUTLINE'.
ERROR: Failed to add (LW)POLYLINE
  on BOARD GEOMETRY / DESIGN_OUTLINE
  POLYLINE on line number 36530

ERROR: ERROR(SPMHDB-396): A design outline already exists.
ERROR: Failed to add (LW)POLYLINE
  on BOARD GEOMETRY / DESIGN_OUTLINE
  POLYLINE on line number 36630

ERROR: ERROR(SPMHDB-396): A design outline already exists.
ERROR: Failed to add (LW)POLYLINE
  on BOARD GEOMETRY / DESIGN_OUTLINE
  POLYLINE on line number 36688

ERROR: ERROR(SPMHDB-396): A design outline already exists.
ERROR: Failed to add (LW)POLYLINE
  on BOARD GEOMETRY / DESIGN_OUTLINE
  POLYLINE on line number 36760

ERROR: ERROR(SPMHDB-396): A design outline already exists.
ERROR: Failed to add (LW)POLYLINE
  on BOARD GEOMETRY / DESIGN_OUTLINE
  POLYLINE on line number 36832

ERROR: ERROR(SPMHDB-396): A design outline already exists.
ERROR: Failed to add (LW)POLYLINE
  on BOARD GEOMETRY / DESIGN_OUTLINE
  POLYLINE on line number 36904

ERROR: ERROR(SPMHDB-396): A design outline already exists.
ERROR: Failed to add (LW)POLYLINE
  on BOARD GEOMETRY / DESIGN_OUTLINE
  POLYLINE on line number 36976

ERROR: ERROR(SPMHDB-396): A design outline already exists.
ERROR: Failed to add (LW)POLYLINE
  on BOARD GEOMETRY / DESIGN_OUTLINE
  POLYLINE on line number 37048

ERROR: ERROR(SPMHDB-396): A design outline already exists.
ERROR: Failed to add (LW)POLYLINE
  on BOARD GEOMETRY / DESIGN_OUTLINE
  POLYLINE on line number 37120

ERROR: ERROR(SPMHDB-396): A design outline already exists.
ERROR: Failed to add (LW)POLYLINE
  on BOARD GEOMETRY / DESIGN_OUTLINE
  POLYLINE on line number 37192

ERROR: ERROR(SPMHDB-183): 'LINE' object may not exist on layer 'BOARD GEOMETRY/DESIGN_OUTLINE'.
ERROR: Failed to add (LW)POLYLINE
  on BOARD GEOMETRY / DESIGN_OUTLINE
  POLYLINE on line number 37264

ERROR: ERROR(SPMHDB-396): A design outline already exists.
ERROR: Failed to add (LW)POLYLINE
  on BOARD GEOMETRY / DESIGN_OUTLINE
  POLYLINE on line number 37364

ERROR: ERROR(SPMHDB-183): 'LINE' object may not exist on layer 'BOARD GEOMETRY/DESIGN_OUTLINE'.
ERROR: Failed to add CIRCLE on line number 37436

ERROR: ERROR(SPMHDB-183): 'LINE' object may not exist on layer 'BOARD GEOMETRY/DESIGN_OUTLINE'.
ERROR: Failed to add CIRCLE on line number 37446

ERROR: ERROR(SPMHDB-183): 'LINE' object may not exist on layer 'BOARD GEOMETRY/DESIGN_OUTLINE'.
ERROR: Failed to add CIRCLE on line number 37456

ERROR: ERROR(SPMHDB-183): 'LINE' object may not exist on layer 'BOARD GEOMETRY/DESIGN_OUTLINE'.
ERROR: Failed to add CIRCLE on line number 37466

ERROR: ERROR(SPMHDB-183): 'LINE' object may not exist on layer 'BOARD GEOMETRY/DESIGN_OUTLINE'.
ERROR: Failed to add CIRCLE on line number 37476

ERROR: ERROR(SPMHDB-183): 'LINE' object may not exist on layer 'BOARD GEOMETRY/DESIGN_OUTLINE'.
ERROR: Failed to add CIRCLE on line number 37486

ERROR: ERROR(SPMHDB-183): 'LINE' object may not exist on layer 'BOARD GEOMETRY/DESIGN_OUTLINE'.
ERROR: Failed to add CIRCLE on line number 37496

ERROR: ERROR(SPMHDB-183): 'LINE' object may not exist on layer 'BOARD GEOMETRY/DESIGN_OUTLINE'.
ERROR: Failed to add CIRCLE on line number 37506
Layer conversion file: F:/MyTemporary/Github/GLPP2024/1-PSU-B/size_l.cnv
DXF file: F:/MyTemporary/Github/GLPP2024/1-PSU-B/size.dxf
BRD file: F:/MyTemporary/Github/GLPP2024/1-PSU/#Taaaabl15424.tmp
Update existing design?: NO
Use default text?: NO
DXF units: MILLIMETERS
Design units: MILLIMETERS
Design precision: 4
dxf2a complete.
