DRC: Design Rule Check Radiant Software (64-bit) 2023.1.1.200.1
Wed May 15 15:00:15 2024

WARNING <71003020> - Top module port 'iDBG_UART_Rx' does not connect to anything.
WARNING <1027013> - No port matched 'iIR_Data[13]'.
WARNING <1014301> - Can't resolve object 'iIR_Data[13]' in constraint 'ldc_set_port -iobuf {IO_TYPE=LVCMOS18 DRIVE=NA} [get_ports {iIR_Data[13]}]'.
WARNING <1027013> - No port matched 'iIR_Data[12]'.
WARNING <1014301> - Can't resolve object 'iIR_Data[12]' in constraint 'ldc_set_port -iobuf {IO_TYPE=LVCMOS18} [get_ports {iIR_Data[12]}]'.
WARNING <1027013> - No port matched 'iIR_Data[8]'.
WARNING <1014301> - Can't resolve object 'iIR_Data[8]' in constraint 'ldc_set_port -iobuf {IO_TYPE=LVCMOS18} [get_ports {iIR_Data[8]}]'.
WARNING <1027013> - No port matched 'iIR_Data[11]'.
WARNING <1014301> - Can't resolve object 'iIR_Data[11]' in constraint 'ldc_set_port -iobuf {IO_TYPE=LVCMOS18} [get_ports {iIR_Data[11]}]'.
WARNING <1027013> - No port matched 'iIR_Data[9]'.
WARNING <1014301> - Can't resolve object 'iIR_Data[9]' in constraint 'ldc_set_port -iobuf {IO_TYPE=LVCMOS18} [get_ports {iIR_Data[9]}]'.
WARNING <1027013> - No port matched 'iIR_Data[10]'.
WARNING <1014301> - Can't resolve object 'iIR_Data[10]' in constraint 'ldc_set_port -iobuf {IO_TYPE=LVCMOS18} [get_ports {iIR_Data[10]}]'.
WARNING <1027013> - No port matched 'iIR_Data[7]'.
WARNING <1014301> - Can't resolve object 'iIR_Data[7]' in constraint 'ldc_set_port -iobuf {IO_TYPE=LVCMOS18} [get_ports {iIR_Data[7]}]'.
WARNING <1027013> - No port matched 'iIR_Data[6]'.
WARNING <1014301> - Can't resolve object 'iIR_Data[6]' in constraint 'ldc_set_port -iobuf {IO_TYPE=LVCMOS18} [get_ports {iIR_Data[6]}]'.
WARNING <1027013> - No port matched 'iIR_Data[5]'.
WARNING <1014301> - Can't resolve object 'iIR_Data[5]' in constraint 'ldc_set_port -iobuf {IO_TYPE=LVCMOS18} [get_ports {iIR_Data[5]}]'.
WARNING <1027013> - No port matched 'iIR_Data[4]'.
WARNING <1014301> - Can't resolve object 'iIR_Data[4]' in constraint 'ldc_set_port -iobuf {IO_TYPE=LVCMOS18} [get_ports {iIR_Data[4]}]'.
WARNING <1027013> - No port matched 'iIR_Data[3]'.
WARNING <1014301> - Can't resolve object 'iIR_Data[3]' in constraint 'ldc_set_port -iobuf {IO_TYPE=LVCMOS18} [get_ports {iIR_Data[3]}]'.
WARNING <1027013> - No port matched 'iIR_Data[2]'.
WARNING <1014301> - Can't resolve object 'iIR_Data[2]' in constraint 'ldc_set_port -iobuf {IO_TYPE=LVCMOS18} [get_ports {iIR_Data[2]}]'.
WARNING <1027013> - No port matched 'iIR_Data[1]'.
WARNING <1014301> - Can't resolve object 'iIR_Data[1]' in constraint 'ldc_set_port -iobuf {IO_TYPE=LVCMOS18} [get_ports {iIR_Data[1]}]'.
WARNING <1027013> - No port matched 'iIR_Data[0]'.
WARNING <1014301> - Can't resolve object 'iIR_Data[0]' in constraint 'ldc_set_port -iobuf {IO_TYPE=LVCMOS18} [get_ports {iIR_Data[0]}]'.
