{
"Synplify Pro (R) Job Log" : {
	"Date" : "16:11:37    04-Mar-2024",
	"Working Directory" : "F:/MyTemporary/Github/GLPP2024/CAMOverUART/impl_1",
	"Install" : "F:/MySoftware/Lattice/radiant/synpbase"
},
"impl_1" :{
   "Start Time" : "16:11:36",
   "Runtime" : "01s",
   "Executable Run Time" : "01s",
   "synthesis" : {
      "Start Time" : "16:11:36",
      "Runtime" : "01s",
      "Executable Run Time" : "01s",
      "compile" : {
         "Start Time" : "16:11:36",
         "Runtime" : "01s",
         "Executable Run Time" : "01s",
         "compile_flow" : {
            "Start Time" : "16:11:36",
            "Runtime" : "01s",
            "Executable Run Time" : "01s",
            "compiler" : {
               "executable" : "bin64/c_hdl.exe",
               "Run Directory" : "F:/MyTemporary/Github/GLPP2024/CAMOverUART/impl_1",
               "Run State" : "Complete",
               "Return Code" : "2",
               "Has Errors" : "yes",
               "Run Start Time" : "16:11:36",
               "Run Time" : "01s",
               "Exe Run Time" : "01s",
               "Memory Usage" : "-",
               "Up-to-date (run skipped)" : "no"
            },
            "multi_srs_gen" : {
               "executable" : "bin64/syn_nfilter.exe",
               "Run Directory" : "F:/MyTemporary/Github/GLPP2024/CAMOverUART/impl_1",
               "Run State" : "Canceled",
               "Return Code" : "-",
               "Has Errors" : "yes",
               "Run Start Time" : "-",
               "Run Time" : "00s",
               "Exe Run Time" : "00s",
               "Memory Usage" : "-",
               "Up-to-date (run skipped)" : "no"
            }
         },
         "premap" : {
            "executable" : "bin64/m_generic.exe",
            "Run Directory" : "F:/MyTemporary/Github/GLPP2024/CAMOverUART/impl_1",
            "Run State" : "Canceled",
            "Return Code" : "-",
            "Has Errors" : "yes",
            "Run Start Time" : "-",
            "Run Time" : "00s",
            "Exe Run Time" : "00s",
            "Memory Usage" : "-",
            "Up-to-date (run skipped)" : "no"
         }
      },
      "map" : {
         "Start Time" : "-",
         "Runtime" : "00s",
         "Executable Run Time" : "00s",
         "fpga_mapper" : {
            "executable" : "bin64/m_generic.exe",
            "Run Directory" : "F:/MyTemporary/Github/GLPP2024/CAMOverUART/impl_1",
            "Run State" : "Canceled",
            "Return Code" : "-",
            "Has Errors" : "yes",
            "Run Start Time" : "-",
            "Run Time" : "00s",
            "Exe Run Time" : "00s",
            "Memory Usage" : "-",
            "Up-to-date (run skipped)" : "no"
         }
      }
   }
}
}