
par -f "IRStore_impl_1.p2t" "IRStore_impl_1_map.udb" "IRStore_impl_1.udb"

Lattice Place and Route Report for Design "IRStore_impl_1_map.udb"
Mon Sep  9 11:34:20 2024

PAR: Place And Route Radiant Software (64-bit) 2023.1.1.200.1.
Command Line: par -w -t 1 -cores 1 -exp parPathBased=ON IRStore_impl_1_map.udb \
	IRStore_impl_1_par.dir/5_1.udb 

Loading IRStore_impl_1_map.udb ...
Loading device for application GENERIC from file 'itpa08.nph' in environment: F:/MySoftware/Lattice/radiant/ispfpga.
Package Status:                     Preliminary    Version 1.5.
Performance Hardware Data Status:   Advanced       Version 1.0.



Design:  ZIRStore_Top
Family:  iCE40UP
Device:  iCE40UP5K
Package: SG48
Performance Grade:   High-Performance_1.2V
WARNING <77001032> - Unable to find the instance/port 'iIR_UART_RxD' in the constraint 'ldc_set_location -site {42} [get_ports iIR_UART_RxD]'

WARNING <77001031> - In the constraint 'ldc_set_location -site {42} [get_ports iIR_UART_RxD]', the locate object is not specified

INFO: user temperature only will be used in analysis
Skipping device clock for ic_PLL.lscc_pll_inst.u_PLL_B/OUTGLOBAL
User defined clock being used
INFO: user temperature only will be used in analysis
PLL user clock phase shift 0
WARNING <77001032> - Unable to find the instance/port 'iIR_UART_RxD' in the constraint 'ldc_set_location -site {42} [get_ports iIR_UART_RxD]'

WARNING <77001031> - In the constraint 'ldc_set_location -site {42} [get_ports iIR_UART_RxD]', the locate object is not specified

WARNING <71003020> - Top module port 'iIR_UART_RxD' does not connect to anything.
WARNING <71003020> - Top module port 'iIR_UART_RxD' does not connect to anything.
WARNING <71003020> - Top module port 'iIR_UART_RxD' does not connect to anything.
WARNING <71003020> - Top module port 'iIR_UART_RxD' does not connect to anything.
Number of Signals: 823
Number of Connections: 2332
Device utilization summary:

   SLICE (est.)     251/2640         10% used
     LUT            477/5280          9% used
     REG            193/5280          4% used
   PIO               16/56           29% used
                     16/36           44% bonded
   IOLOGIC           16/56           29% used
   DSP                0/8             0% used
   I2C                0/2             0% used
   HFOSC              1/1           100% used
   LFOSC              0/1             0% used
   LEDDA_IP           0/1             0% used
   RGBA_DRV           0/1             0% used
   FILTER             0/2             0% used
   SRAM               0/4             0% used
   WARMBOOT           0/1             0% used
   SPI                0/2             0% used
   EBR                4/30           13% used
   PLL                1/1           100% used
   RGBOUTBUF          0/3             0% used
   I3C                0/2             0% used
   OPENDRAIN          2/3            67% used

ERROR <67201110> - Error in finding IOL comp for comp "ioPSRAM_DATA[7]"! Please verify the correctness of your PIO to IOL connectivity by checking the device architecture constraints.


PAR_SUMMARY::Run status = Failed
PAR_SUMMARY::Number of unrouted conns = <n/a>
PAR_SUMMARY::Worst  slack<setup/<ns>> = <n/a>
PAR_SUMMARY::Timing score<setup/<ns>> = <n/a>
PAR_SUMMARY::Worst  slack<hold /<ns>> = <n/a>
PAR_SUMMARY::Timing score<hold /<ns>> = <n/a>
PAR_SUMMARY::Number of errors = 1

Total CPU  Time: 0 secs 
Total REAL Time: 0 secs 
Peak Memory Usage: 83.10 MB


par done!

Note: user must run 'timing' for timing closure signoff.

Copyright (c) 1991-1994 by NeoCAD Inc. All rights reserved.
Copyright (c) 1995 AT&T Corp.   All rights reserved.
Copyright (c) 1995-2001 Lucent Technologies Inc.  All rights reserved.
Copyright (c) 2001 Agere Systems   All rights reserved.
Copyright (c) 2002-2023 Lattice Semiconductor Corporation,  All rights reserved.
INFO <60001137> - Iteration 5_1 failed due to design error(s).
ERROR <60001149> - All 1 iterations failed with design error(s).
It is recommended to correct all design errors before running multiple iterations.
Please check the Place and Route reports (.par) for the individual iterations under the directory
 "F:\MyTemporary\Github\GLPP2024\IRStore\impl_1\IRStore_impl_1_par.dir\5_1.par".
