{
"Synplify Pro (R) Job Log" : {
	"Date" : "11:27:00    09-Sep-2024",
	"Working Directory" : "F:/MyTemporary/Github/GLPP2024/IRStore/impl_1",
	"Install" : "F:/MySoftware/Lattice/radiant/synpbase"
},
"impl_1" :{
   "Start Time" : "11:26:48",
   "Runtime" : "12s",
   "Executable Run Time" : "11s",
   "synthesis" : {
      "Start Time" : "11:26:48",
      "Runtime" : "12s",
      "Executable Run Time" : "11s",
      "compile" : {
         "Start Time" : "11:26:48",
         "Runtime" : "08s",
         "Executable Run Time" : "07s",
         "compile_flow" : {
            "Start Time" : "11:26:48",
            "Runtime" : "07s",
            "Executable Run Time" : "06s",
            "compiler" : {
               "executable" : "bin64/c_hdl.exe",
               "Run Directory" : "F:/MyTemporary/Github/GLPP2024/IRStore/impl_1",
               "Run State" : "Complete",
               "Return Code" : "0",
               "Has Errors" : "no",
               "Run Start Time" : "11:26:48",
               "Run Time" : "06s",
               "Exe Run Time" : "05s",
               "Memory Usage" : "-",
               "Up-to-date (run skipped)" : "no"
            },
            "multi_srs_gen" : {
               "executable" : "bin64/syn_nfilter.exe",
               "Run Directory" : "F:/MyTemporary/Github/GLPP2024/IRStore/impl_1",
               "Run State" : "Complete",
               "Return Code" : "0",
               "Has Errors" : "no",
               "Run Start Time" : "11:26:54",
               "Run Time" : "01s",
               "Exe Run Time" : "01s",
               "Memory Usage" : "-",
               "Up-to-date (run skipped)" : "no"
            }
         },
         "premap" : {
            "executable" : "bin64/m_generic.exe",
            "Run Directory" : "F:/MyTemporary/Github/GLPP2024/IRStore/impl_1",
            "Run State" : "Complete",
            "Return Code" : "1",
            "Has Errors" : "no",
            "Run Start Time" : "11:26:55",
            "Run Time" : "01s",
            "Exe Run Time" : "01s",
            "Memory Usage" : "-",
            "Up-to-date (run skipped)" : "no"
         }
      },
      "map" : {
         "Start Time" : "11:26:56",
         "Runtime" : "04s",
         "Executable Run Time" : "04s",
         "fpga_mapper" : {
            "executable" : "bin64/m_generic.exe",
            "Run Directory" : "F:/MyTemporary/Github/GLPP2024/IRStore/impl_1",
            "Run State" : "Complete",
            "Return Code" : "1",
            "Has Errors" : "no",
            "Run Start Time" : "11:26:56",
            "Run Time" : "04s",
            "Exe Run Time" : "04s",
            "Memory Usage" : "-",
            "Up-to-date (run skipped)" : "no"
         }
      }
   }
}
}