Running in Lattice mode

                               Synplify Pro (R) 

                Version U-2023.03LR-1 for win64 - May 29, 2023 

                    Copyright (c) 1988 - 2023 Synopsys, Inc.
   This software and the associated documentation are proprietary to Synopsys,
 Inc. This software may only be used in accordance with the terms and conditions
 of a written license agreement with Synopsys, Inc. All other use, reproduction,
   or distribution of this software is strictly prohibited.  Licensed Products
     communicate with Synopsys servers for the purpose of providing software
    updates, detecting software piracy and verifying that customers are using
    Licensed Products in conformity with the applicable License Key for such
  Licensed Products. Synopsys will use information gathered in connection with
    this process to deliver software updates and pursue software pirates and
                                   infringers.

 Inclusivity & Diversity - Visit SolvNetPlus to read the "Synopsys Statement on
            Inclusivity and Diversity" (Refer to article 000036315 at
                        https://solvnetplus.synopsys.com)

Starting:    F:\MySoftware\Lattice\radiant\synpbase\bin64\mbin\synbatch.exe
Install:     F:\MySoftware\Lattice\radiant\synpbase
Hostname:    DESKTOP-R1EC6M9
Date:        Mon Sep  9 11:26:47 2024
Version:     U-2023.03LR-1

Arguments:   -product synplify_base -batch IRStore_impl_1_synplify.tcl
ProductType: synplify_pro




"force_gsr" is unrecognized option for current device
log file: "F:\MyTemporary\Github\GLPP2024\IRStore\impl_1\IRStore_impl_1.srr"
Running: impl_1 in foreground

Running proj_1|impl_1

Running Flow: compile (Compile) on proj_1|impl_1
# Mon Sep  9 11:26:48 2024

Running Flow: compile_flow (Compile Process) on proj_1|impl_1
# Mon Sep  9 11:26:48 2024

Running: compiler (Compile Input) on proj_1|impl_1
# Mon Sep  9 11:26:48 2024
Copied F:\MyTemporary\Github\GLPP2024\IRStore\impl_1\synwork\IRStore_impl_1_comp.srs to F:\MyTemporary\Github\GLPP2024\IRStore\impl_1\IRStore_impl_1.srs

compiler completed
# Mon Sep  9 11:26:54 2024

Return Code: 0
Run Time:00h:00m:05s

Running: multi_srs_gen (Multi-srs Generator) on proj_1|impl_1
# Mon Sep  9 11:26:54 2024

multi_srs_gen completed
# Mon Sep  9 11:26:55 2024

Return Code: 0
Run Time:00h:00m:01s
Copied F:\MyTemporary\Github\GLPP2024\IRStore\impl_1\synwork\IRStore_impl_1_mult.srs to F:\MyTemporary\Github\GLPP2024\IRStore\impl_1\IRStore_impl_1.srs
Copied F:\MyTemporary\Github\GLPP2024\IRStore\impl_1\IRStore_impl_1.srr to F:\MyTemporary\Github\GLPP2024\IRStore\impl_1\IRStore_impl_1.srf
Complete: Compile Process on proj_1|impl_1

Running: premap (Premap) on proj_1|impl_1
# Mon Sep  9 11:26:55 2024

premap completed with warnings
# Mon Sep  9 11:26:56 2024

Return Code: 1
Run Time:00h:00m:01s
Complete: Compile on proj_1|impl_1

Running Flow: map (Map) on proj_1|impl_1
# Mon Sep  9 11:26:56 2024
License granted for 4 parallel jobs

Running: fpga_mapper (Map & Optimize) on proj_1|impl_1
# Mon Sep  9 11:26:56 2024
Copied F:\MyTemporary\Github\GLPP2024\IRStore\impl_1\synwork\IRStore_impl_1_m.srm to F:\MyTemporary\Github\GLPP2024\IRStore\impl_1\IRStore_impl_1.srm

fpga_mapper completed with warnings
# Mon Sep  9 11:27:00 2024

Return Code: 1
Run Time:00h:00m:04s
Complete: Map on proj_1|impl_1
Copied F:\MyTemporary\Github\GLPP2024\IRStore\impl_1\IRStore_impl_1.srr to F:\MyTemporary\Github\GLPP2024\IRStore\impl_1\IRStore_impl_1.srf
Complete: Logic Synthesis on proj_1|impl_1
TCL script complete: "IRStore_impl_1_synplify.tcl"
exit status=0
exit status=0
Save changes for project:
F:\MyTemporary\Github\GLPP2024\IRStore\impl_1\proj_1.prj
batch mode default:no
